ERROR - 2025-12-10 20:33:23 --> mysqli_sql_exception: Table 'lms_julom.login_logs' doesn't exist in C:\xampp\htdocs\ITE311-JULOM\system\Database\MySQLi\Connection.php:327
Stack trace:
#0 C:\xampp\htdocs\ITE311-JULOM\system\Database\MySQLi\Connection.php(327): mysqli->query('INSERT INTO `lo...', 0)
#1 C:\xampp\htdocs\ITE311-JULOM\system\Database\BaseConnection.php(729): CodeIgniter\Database\MySQLi\Connection->execute('INSERT INTO `lo...')
#2 C:\xampp\htdocs\ITE311-JULOM\system\Database\BaseConnection.php(646): CodeIgniter\Database\BaseConnection->simpleQuery('INSERT INTO `lo...')
#3 C:\xampp\htdocs\ITE311-JULOM\system\Database\BaseBuilder.php(2345): CodeIgniter\Database\BaseConnection->query('INSERT INTO `lo...', Array, false)
#4 C:\xampp\htdocs\ITE311-JULOM\system\Model.php(394): CodeIgniter\Database\BaseBuilder->insert()
#5 C:\xampp\htdocs\ITE311-JULOM\system\BaseModel.php(838): CodeIgniter\Model->doInsert(Array)
#6 C:\xampp\htdocs\ITE311-JULOM\system\Model.php(797): CodeIgniter\BaseModel->insert(Array, true)
#7 C:\xampp\htdocs\ITE311-JULOM\app\Models\LoginLogModel.php(34): CodeIgniter\Model->insert(Array)
#8 C:\xampp\htdocs\ITE311-JULOM\app\Controllers\auth.php(141): App\Models\LoginLogModel->logLogin(1, 'Admin User', 'admin@example.c...', 'admin')
#9 C:\xampp\htdocs\ITE311-JULOM\system\CodeIgniter.php(933): App\Controllers\Auth->login()
#10 C:\xampp\htdocs\ITE311-JULOM\system\CodeIgniter.php(507): CodeIgniter\CodeIgniter->runController(Object(App\Controllers\Auth))
#11 C:\xampp\htdocs\ITE311-JULOM\system\CodeIgniter.php(354): CodeIgniter\CodeIgniter->handleRequest(NULL, Object(Config\Cache), false)
#12 C:\xampp\htdocs\ITE311-JULOM\system\Boot.php(363): CodeIgniter\CodeIgniter->run()
#13 C:\xampp\htdocs\ITE311-JULOM\system\Boot.php(68): CodeIgniter\Boot::runCodeIgniter(Object(CodeIgniter\CodeIgniter))
#14 C:\xampp\htdocs\ITE311-JULOM\index.php(59): CodeIgniter\Boot::bootWeb(Object(Config\Paths))
#15 {main}
ERROR - 2025-12-10 20:33:23 --> Failed to log login event: Table 'lms_julom.login_logs' doesn't exist
ERROR - 2025-12-10 20:33:23 --> mysqli_sql_exception: Table 'lms_julom.login_logs' doesn't exist in C:\xampp\htdocs\ITE311-JULOM\system\Database\MySQLi\Connection.php:327
Stack trace:
#0 C:\xampp\htdocs\ITE311-JULOM\system\Database\MySQLi\Connection.php(327): mysqli->query('SELECT *\nFROM `...', 0)
#1 C:\xampp\htdocs\ITE311-JULOM\system\Database\BaseConnection.php(729): CodeIgniter\Database\MySQLi\Connection->execute('SELECT *\nFROM `...')
#2 C:\xampp\htdocs\ITE311-JULOM\system\Database\BaseConnection.php(646): CodeIgniter\Database\BaseConnection->simpleQuery('SELECT *\nFROM `...')
#3 C:\xampp\htdocs\ITE311-JULOM\system\Database\BaseBuilder.php(1649): CodeIgniter\Database\BaseConnection->query('SELECT *\nFROM `...', Array, false)
#4 C:\xampp\htdocs\ITE311-JULOM\system\Model.php(213): CodeIgniter\Database\BaseBuilder->get()
#5 C:\xampp\htdocs\ITE311-JULOM\system\BaseModel.php(611): CodeIgniter\Model->doFind(false, NULL)
#6 C:\xampp\htdocs\ITE311-JULOM\app\Models\LoginLogModel.php(41): CodeIgniter\BaseModel->find()
#7 C:\xampp\htdocs\ITE311-JULOM\app\Controllers\auth.php(217): App\Models\LoginLogModel->getRecentLogins(10)
#8 C:\xampp\htdocs\ITE311-JULOM\system\CodeIgniter.php(933): App\Controllers\Auth->dashboard()
#9 C:\xampp\htdocs\ITE311-JULOM\system\CodeIgniter.php(507): CodeIgniter\CodeIgniter->runController(Object(App\Controllers\Auth))
#10 C:\xampp\htdocs\ITE311-JULOM\system\CodeIgniter.php(354): CodeIgniter\CodeIgniter->handleRequest(NULL, Object(Config\Cache), false)
#11 C:\xampp\htdocs\ITE311-JULOM\system\Boot.php(363): CodeIgniter\CodeIgniter->run()
#12 C:\xampp\htdocs\ITE311-JULOM\system\Boot.php(68): CodeIgniter\Boot::runCodeIgniter(Object(CodeIgniter\CodeIgniter))
#13 C:\xampp\htdocs\ITE311-JULOM\index.php(59): CodeIgniter\Boot::bootWeb(Object(Config\Paths))
#14 {main}
ERROR - 2025-12-10 20:33:23 --> Error loading admin dashboard data: Table 'lms_julom.login_logs' doesn't exist
ERROR - 2025-12-10 20:33:49 --> mysqli_sql_exception: Table 'lms_julom.login_logs' doesn't exist in C:\xampp\htdocs\ITE311-JULOM\system\Database\MySQLi\Connection.php:327
Stack trace:
#0 C:\xampp\htdocs\ITE311-JULOM\system\Database\MySQLi\Connection.php(327): mysqli->query('SELECT *\nFROM `...', 0)
#1 C:\xampp\htdocs\ITE311-JULOM\system\Database\BaseConnection.php(729): CodeIgniter\Database\MySQLi\Connection->execute('SELECT *\nFROM `...')
#2 C:\xampp\htdocs\ITE311-JULOM\system\Database\BaseConnection.php(646): CodeIgniter\Database\BaseConnection->simpleQuery('SELECT *\nFROM `...')
#3 C:\xampp\htdocs\ITE311-JULOM\system\Database\BaseBuilder.php(1649): CodeIgniter\Database\BaseConnection->query('SELECT *\nFROM `...', Array, false)
#4 C:\xampp\htdocs\ITE311-JULOM\system\Model.php(213): CodeIgniter\Database\BaseBuilder->get()
#5 C:\xampp\htdocs\ITE311-JULOM\system\BaseModel.php(611): CodeIgniter\Model->doFind(false, NULL)
#6 C:\xampp\htdocs\ITE311-JULOM\app\Models\LoginLogModel.php(41): CodeIgniter\BaseModel->find()
#7 C:\xampp\htdocs\ITE311-JULOM\app\Controllers\auth.php(217): App\Models\LoginLogModel->getRecentLogins(10)
#8 C:\xampp\htdocs\ITE311-JULOM\system\CodeIgniter.php(933): App\Controllers\Auth->dashboard()
#9 C:\xampp\htdocs\ITE311-JULOM\system\CodeIgniter.php(507): CodeIgniter\CodeIgniter->runController(Object(App\Controllers\Auth))
#10 C:\xampp\htdocs\ITE311-JULOM\system\CodeIgniter.php(354): CodeIgniter\CodeIgniter->handleRequest(NULL, Object(Config\Cache), false)
#11 C:\xampp\htdocs\ITE311-JULOM\system\Boot.php(363): CodeIgniter\CodeIgniter->run()
#12 C:\xampp\htdocs\ITE311-JULOM\system\Boot.php(68): CodeIgniter\Boot::runCodeIgniter(Object(CodeIgniter\CodeIgniter))
#13 C:\xampp\htdocs\ITE311-JULOM\index.php(59): CodeIgniter\Boot::bootWeb(Object(Config\Paths))
#14 {main}
ERROR - 2025-12-10 20:33:49 --> Error loading admin dashboard data: Table 'lms_julom.login_logs' doesn't exist
ERROR - 2025-12-10 20:34:09 --> mysqli_sql_exception: Table 'lms_julom.login_logs' doesn't exist in C:\xampp\htdocs\ITE311-JULOM\system\Database\MySQLi\Connection.php:327
Stack trace:
#0 C:\xampp\htdocs\ITE311-JULOM\system\Database\MySQLi\Connection.php(327): mysqli->query('INSERT INTO `lo...', 0)
#1 C:\xampp\htdocs\ITE311-JULOM\system\Database\BaseConnection.php(729): CodeIgniter\Database\MySQLi\Connection->execute('INSERT INTO `lo...')
#2 C:\xampp\htdocs\ITE311-JULOM\system\Database\BaseConnection.php(646): CodeIgniter\Database\BaseConnection->simpleQuery('INSERT INTO `lo...')
#3 C:\xampp\htdocs\ITE311-JULOM\system\Database\BaseBuilder.php(2345): CodeIgniter\Database\BaseConnection->query('INSERT INTO `lo...', Array, false)
#4 C:\xampp\htdocs\ITE311-JULOM\system\Model.php(394): CodeIgniter\Database\BaseBuilder->insert()
#5 C:\xampp\htdocs\ITE311-JULOM\system\BaseModel.php(838): CodeIgniter\Model->doInsert(Array)
#6 C:\xampp\htdocs\ITE311-JULOM\system\Model.php(797): CodeIgniter\BaseModel->insert(Array, true)
#7 C:\xampp\htdocs\ITE311-JULOM\app\Models\LoginLogModel.php(34): CodeIgniter\Model->insert(Array)
#8 C:\xampp\htdocs\ITE311-JULOM\app\Controllers\auth.php(141): App\Models\LoginLogModel->logLogin(1, 'Admin User', 'admin@example.c...', 'admin')
#9 C:\xampp\htdocs\ITE311-JULOM\system\CodeIgniter.php(933): App\Controllers\Auth->login()
#10 C:\xampp\htdocs\ITE311-JULOM\system\CodeIgniter.php(507): CodeIgniter\CodeIgniter->runController(Object(App\Controllers\Auth))
#11 C:\xampp\htdocs\ITE311-JULOM\system\CodeIgniter.php(354): CodeIgniter\CodeIgniter->handleRequest(NULL, Object(Config\Cache), false)
#12 C:\xampp\htdocs\ITE311-JULOM\system\Boot.php(363): CodeIgniter\CodeIgniter->run()
#13 C:\xampp\htdocs\ITE311-JULOM\system\Boot.php(68): CodeIgniter\Boot::runCodeIgniter(Object(CodeIgniter\CodeIgniter))
#14 C:\xampp\htdocs\ITE311-JULOM\index.php(59): CodeIgniter\Boot::bootWeb(Object(Config\Paths))
#15 {main}
ERROR - 2025-12-10 20:34:09 --> Failed to log login event: Table 'lms_julom.login_logs' doesn't exist
ERROR - 2025-12-10 20:34:09 --> mysqli_sql_exception: Table 'lms_julom.login_logs' doesn't exist in C:\xampp\htdocs\ITE311-JULOM\system\Database\MySQLi\Connection.php:327
Stack trace:
#0 C:\xampp\htdocs\ITE311-JULOM\system\Database\MySQLi\Connection.php(327): mysqli->query('SELECT *\nFROM `...', 0)
#1 C:\xampp\htdocs\ITE311-JULOM\system\Database\BaseConnection.php(729): CodeIgniter\Database\MySQLi\Connection->execute('SELECT *\nFROM `...')
#2 C:\xampp\htdocs\ITE311-JULOM\system\Database\BaseConnection.php(646): CodeIgniter\Database\BaseConnection->simpleQuery('SELECT *\nFROM `...')
#3 C:\xampp\htdocs\ITE311-JULOM\system\Database\BaseBuilder.php(1649): CodeIgniter\Database\BaseConnection->query('SELECT *\nFROM `...', Array, false)
#4 C:\xampp\htdocs\ITE311-JULOM\system\Model.php(213): CodeIgniter\Database\BaseBuilder->get()
#5 C:\xampp\htdocs\ITE311-JULOM\system\BaseModel.php(611): CodeIgniter\Model->doFind(false, NULL)
#6 C:\xampp\htdocs\ITE311-JULOM\app\Models\LoginLogModel.php(41): CodeIgniter\BaseModel->find()
#7 C:\xampp\htdocs\ITE311-JULOM\app\Controllers\auth.php(217): App\Models\LoginLogModel->getRecentLogins(10)
#8 C:\xampp\htdocs\ITE311-JULOM\system\CodeIgniter.php(933): App\Controllers\Auth->dashboard()
#9 C:\xampp\htdocs\ITE311-JULOM\system\CodeIgniter.php(507): CodeIgniter\CodeIgniter->runController(Object(App\Controllers\Auth))
#10 C:\xampp\htdocs\ITE311-JULOM\system\CodeIgniter.php(354): CodeIgniter\CodeIgniter->handleRequest(NULL, Object(Config\Cache), false)
#11 C:\xampp\htdocs\ITE311-JULOM\system\Boot.php(363): CodeIgniter\CodeIgniter->run()
#12 C:\xampp\htdocs\ITE311-JULOM\system\Boot.php(68): CodeIgniter\Boot::runCodeIgniter(Object(CodeIgniter\CodeIgniter))
#13 C:\xampp\htdocs\ITE311-JULOM\index.php(59): CodeIgniter\Boot::bootWeb(Object(Config\Paths))
#14 {main}
ERROR - 2025-12-10 20:34:09 --> Error loading admin dashboard data: Table 'lms_julom.login_logs' doesn't exist
ERROR - 2025-12-10 20:39:16 --> mysqli_sql_exception: Table 'lms_julom.login_logs' doesn't exist in C:\xampp\htdocs\ITE311-JULOM\system\Database\MySQLi\Connection.php:327
Stack trace:
#0 C:\xampp\htdocs\ITE311-JULOM\system\Database\MySQLi\Connection.php(327): mysqli->query('INSERT INTO `lo...', 0)
#1 C:\xampp\htdocs\ITE311-JULOM\system\Database\BaseConnection.php(729): CodeIgniter\Database\MySQLi\Connection->execute('INSERT INTO `lo...')
#2 C:\xampp\htdocs\ITE311-JULOM\system\Database\BaseConnection.php(646): CodeIgniter\Database\BaseConnection->simpleQuery('INSERT INTO `lo...')
#3 C:\xampp\htdocs\ITE311-JULOM\system\Database\BaseBuilder.php(2345): CodeIgniter\Database\BaseConnection->query('INSERT INTO `lo...', Array, false)
#4 C:\xampp\htdocs\ITE311-JULOM\system\Model.php(394): CodeIgniter\Database\BaseBuilder->insert()
#5 C:\xampp\htdocs\ITE311-JULOM\system\BaseModel.php(838): CodeIgniter\Model->doInsert(Array)
#6 C:\xampp\htdocs\ITE311-JULOM\system\Model.php(797): CodeIgniter\BaseModel->insert(Array, true)
#7 C:\xampp\htdocs\ITE311-JULOM\app\Models\LoginLogModel.php(34): CodeIgniter\Model->insert(Array)
#8 C:\xampp\htdocs\ITE311-JULOM\app\Controllers\auth.php(141): App\Models\LoginLogModel->logLogin(1, 'Admin User', 'admin@example.c...', 'admin')
#9 C:\xampp\htdocs\ITE311-JULOM\system\CodeIgniter.php(933): App\Controllers\Auth->login()
#10 C:\xampp\htdocs\ITE311-JULOM\system\CodeIgniter.php(507): CodeIgniter\CodeIgniter->runController(Object(App\Controllers\Auth))
#11 C:\xampp\htdocs\ITE311-JULOM\system\CodeIgniter.php(354): CodeIgniter\CodeIgniter->handleRequest(NULL, Object(Config\Cache), false)
#12 C:\xampp\htdocs\ITE311-JULOM\system\Boot.php(363): CodeIgniter\CodeIgniter->run()
#13 C:\xampp\htdocs\ITE311-JULOM\system\Boot.php(68): CodeIgniter\Boot::runCodeIgniter(Object(CodeIgniter\CodeIgniter))
#14 C:\xampp\htdocs\ITE311-JULOM\index.php(59): CodeIgniter\Boot::bootWeb(Object(Config\Paths))
#15 {main}
ERROR - 2025-12-10 20:39:16 --> Failed to log login event: Table 'lms_julom.login_logs' doesn't exist
ERROR - 2025-12-10 20:39:16 --> mysqli_sql_exception: Table 'lms_julom.login_logs' doesn't exist in C:\xampp\htdocs\ITE311-JULOM\system\Database\MySQLi\Connection.php:327
Stack trace:
#0 C:\xampp\htdocs\ITE311-JULOM\system\Database\MySQLi\Connection.php(327): mysqli->query('SELECT *\nFROM `...', 0)
#1 C:\xampp\htdocs\ITE311-JULOM\system\Database\BaseConnection.php(729): CodeIgniter\Database\MySQLi\Connection->execute('SELECT *\nFROM `...')
#2 C:\xampp\htdocs\ITE311-JULOM\system\Database\BaseConnection.php(646): CodeIgniter\Database\BaseConnection->simpleQuery('SELECT *\nFROM `...')
#3 C:\xampp\htdocs\ITE311-JULOM\system\Database\BaseBuilder.php(1649): CodeIgniter\Database\BaseConnection->query('SELECT *\nFROM `...', Array, false)
#4 C:\xampp\htdocs\ITE311-JULOM\system\Model.php(213): CodeIgniter\Database\BaseBuilder->get()
#5 C:\xampp\htdocs\ITE311-JULOM\system\BaseModel.php(611): CodeIgniter\Model->doFind(false, NULL)
#6 C:\xampp\htdocs\ITE311-JULOM\app\Models\LoginLogModel.php(41): CodeIgniter\BaseModel->find()
#7 C:\xampp\htdocs\ITE311-JULOM\app\Controllers\auth.php(217): App\Models\LoginLogModel->getRecentLogins(10)
#8 C:\xampp\htdocs\ITE311-JULOM\system\CodeIgniter.php(933): App\Controllers\Auth->dashboard()
#9 C:\xampp\htdocs\ITE311-JULOM\system\CodeIgniter.php(507): CodeIgniter\CodeIgniter->runController(Object(App\Controllers\Auth))
#10 C:\xampp\htdocs\ITE311-JULOM\system\CodeIgniter.php(354): CodeIgniter\CodeIgniter->handleRequest(NULL, Object(Config\Cache), false)
#11 C:\xampp\htdocs\ITE311-JULOM\system\Boot.php(363): CodeIgniter\CodeIgniter->run()
#12 C:\xampp\htdocs\ITE311-JULOM\system\Boot.php(68): CodeIgniter\Boot::runCodeIgniter(Object(CodeIgniter\CodeIgniter))
#13 C:\xampp\htdocs\ITE311-JULOM\index.php(59): CodeIgniter\Boot::bootWeb(Object(Config\Paths))
#14 {main}
ERROR - 2025-12-10 20:39:16 --> Error loading admin dashboard data: Table 'lms_julom.login_logs' doesn't exist
ERROR - 2025-12-10 20:39:29 --> mysqli_sql_exception: Table 'lms_julom.login_logs' doesn't exist in C:\xampp\htdocs\ITE311-JULOM\system\Database\MySQLi\Connection.php:327
Stack trace:
#0 C:\xampp\htdocs\ITE311-JULOM\system\Database\MySQLi\Connection.php(327): mysqli->query('SELECT *\nFROM `...', 0)
#1 C:\xampp\htdocs\ITE311-JULOM\system\Database\BaseConnection.php(729): CodeIgniter\Database\MySQLi\Connection->execute('SELECT *\nFROM `...')
#2 C:\xampp\htdocs\ITE311-JULOM\system\Database\BaseConnection.php(646): CodeIgniter\Database\BaseConnection->simpleQuery('SELECT *\nFROM `...')
#3 C:\xampp\htdocs\ITE311-JULOM\system\Database\BaseBuilder.php(1649): CodeIgniter\Database\BaseConnection->query('SELECT *\nFROM `...', Array, false)
#4 C:\xampp\htdocs\ITE311-JULOM\system\Model.php(213): CodeIgniter\Database\BaseBuilder->get()
#5 C:\xampp\htdocs\ITE311-JULOM\system\BaseModel.php(611): CodeIgniter\Model->doFind(false, NULL)
#6 C:\xampp\htdocs\ITE311-JULOM\app\Models\LoginLogModel.php(41): CodeIgniter\BaseModel->find()
#7 C:\xampp\htdocs\ITE311-JULOM\app\Controllers\auth.php(217): App\Models\LoginLogModel->getRecentLogins(10)
#8 C:\xampp\htdocs\ITE311-JULOM\system\CodeIgniter.php(933): App\Controllers\Auth->dashboard()
#9 C:\xampp\htdocs\ITE311-JULOM\system\CodeIgniter.php(507): CodeIgniter\CodeIgniter->runController(Object(App\Controllers\Auth))
#10 C:\xampp\htdocs\ITE311-JULOM\system\CodeIgniter.php(354): CodeIgniter\CodeIgniter->handleRequest(NULL, Object(Config\Cache), false)
#11 C:\xampp\htdocs\ITE311-JULOM\system\Boot.php(363): CodeIgniter\CodeIgniter->run()
#12 C:\xampp\htdocs\ITE311-JULOM\system\Boot.php(68): CodeIgniter\Boot::runCodeIgniter(Object(CodeIgniter\CodeIgniter))
#13 C:\xampp\htdocs\ITE311-JULOM\index.php(59): CodeIgniter\Boot::bootWeb(Object(Config\Paths))
#14 {main}
ERROR - 2025-12-10 20:39:29 --> Error loading admin dashboard data: Table 'lms_julom.login_logs' doesn't exist
ERROR - 2025-12-10 20:48:30 --> mysqli_sql_exception: Table 'lms_julom.login_logs' doesn't exist in C:\xampp\htdocs\ITE311-JULOM\system\Database\MySQLi\Connection.php:327
Stack trace:
#0 C:\xampp\htdocs\ITE311-JULOM\system\Database\MySQLi\Connection.php(327): mysqli->query('INSERT INTO `lo...', 0)
#1 C:\xampp\htdocs\ITE311-JULOM\system\Database\BaseConnection.php(729): CodeIgniter\Database\MySQLi\Connection->execute('INSERT INTO `lo...')
#2 C:\xampp\htdocs\ITE311-JULOM\system\Database\BaseConnection.php(646): CodeIgniter\Database\BaseConnection->simpleQuery('INSERT INTO `lo...')
#3 C:\xampp\htdocs\ITE311-JULOM\system\Database\BaseBuilder.php(2345): CodeIgniter\Database\BaseConnection->query('INSERT INTO `lo...', Array, false)
#4 C:\xampp\htdocs\ITE311-JULOM\system\Model.php(394): CodeIgniter\Database\BaseBuilder->insert()
#5 C:\xampp\htdocs\ITE311-JULOM\system\BaseModel.php(838): CodeIgniter\Model->doInsert(Array)
#6 C:\xampp\htdocs\ITE311-JULOM\system\Model.php(797): CodeIgniter\BaseModel->insert(Array, true)
#7 C:\xampp\htdocs\ITE311-JULOM\app\Models\LoginLogModel.php(34): CodeIgniter\Model->insert(Array)
#8 C:\xampp\htdocs\ITE311-JULOM\app\Controllers\auth.php(141): App\Models\LoginLogModel->logLogin(4, 'wawawa', 'wawawa@gmail.co...', 'student')
#9 C:\xampp\htdocs\ITE311-JULOM\system\CodeIgniter.php(933): App\Controllers\Auth->login()
#10 C:\xampp\htdocs\ITE311-JULOM\system\CodeIgniter.php(507): CodeIgniter\CodeIgniter->runController(Object(App\Controllers\Auth))
#11 C:\xampp\htdocs\ITE311-JULOM\system\CodeIgniter.php(354): CodeIgniter\CodeIgniter->handleRequest(NULL, Object(Config\Cache), false)
#12 C:\xampp\htdocs\ITE311-JULOM\system\Boot.php(363): CodeIgniter\CodeIgniter->run()
#13 C:\xampp\htdocs\ITE311-JULOM\system\Boot.php(68): CodeIgniter\Boot::runCodeIgniter(Object(CodeIgniter\CodeIgniter))
#14 C:\xampp\htdocs\ITE311-JULOM\index.php(59): CodeIgniter\Boot::bootWeb(Object(Config\Paths))
#15 {main}
ERROR - 2025-12-10 20:48:30 --> Failed to log login event: Table 'lms_julom.login_logs' doesn't exist
ERROR - 2025-12-10 20:49:44 --> mysqli_sql_exception: Table 'lms_julom.login_logs' doesn't exist in C:\xampp\htdocs\ITE311-JULOM\system\Database\MySQLi\Connection.php:327
Stack trace:
#0 C:\xampp\htdocs\ITE311-JULOM\system\Database\MySQLi\Connection.php(327): mysqli->query('INSERT INTO `lo...', 0)
#1 C:\xampp\htdocs\ITE311-JULOM\system\Database\BaseConnection.php(729): CodeIgniter\Database\MySQLi\Connection->execute('INSERT INTO `lo...')
#2 C:\xampp\htdocs\ITE311-JULOM\system\Database\BaseConnection.php(646): CodeIgniter\Database\BaseConnection->simpleQuery('INSERT INTO `lo...')
#3 C:\xampp\htdocs\ITE311-JULOM\system\Database\BaseBuilder.php(2345): CodeIgniter\Database\BaseConnection->query('INSERT INTO `lo...', Array, false)
#4 C:\xampp\htdocs\ITE311-JULOM\system\Model.php(394): CodeIgniter\Database\BaseBuilder->insert()
#5 C:\xampp\htdocs\ITE311-JULOM\system\BaseModel.php(838): CodeIgniter\Model->doInsert(Array)
#6 C:\xampp\htdocs\ITE311-JULOM\system\Model.php(797): CodeIgniter\BaseModel->insert(Array, true)
#7 C:\xampp\htdocs\ITE311-JULOM\app\Models\LoginLogModel.php(34): CodeIgniter\Model->insert(Array)
#8 C:\xampp\htdocs\ITE311-JULOM\app\Controllers\auth.php(141): App\Models\LoginLogModel->logLogin(1, 'Admin User', 'admin@example.c...', 'admin')
#9 C:\xampp\htdocs\ITE311-JULOM\system\CodeIgniter.php(933): App\Controllers\Auth->login()
#10 C:\xampp\htdocs\ITE311-JULOM\system\CodeIgniter.php(507): CodeIgniter\CodeIgniter->runController(Object(App\Controllers\Auth))
#11 C:\xampp\htdocs\ITE311-JULOM\system\CodeIgniter.php(354): CodeIgniter\CodeIgniter->handleRequest(NULL, Object(Config\Cache), false)
#12 C:\xampp\htdocs\ITE311-JULOM\system\Boot.php(363): CodeIgniter\CodeIgniter->run()
#13 C:\xampp\htdocs\ITE311-JULOM\system\Boot.php(68): CodeIgniter\Boot::runCodeIgniter(Object(CodeIgniter\CodeIgniter))
#14 C:\xampp\htdocs\ITE311-JULOM\index.php(59): CodeIgniter\Boot::bootWeb(Object(Config\Paths))
#15 {main}
ERROR - 2025-12-10 20:49:44 --> Failed to log login event: Table 'lms_julom.login_logs' doesn't exist
ERROR - 2025-12-10 20:49:44 --> mysqli_sql_exception: Table 'lms_julom.login_logs' doesn't exist in C:\xampp\htdocs\ITE311-JULOM\system\Database\MySQLi\Connection.php:327
Stack trace:
#0 C:\xampp\htdocs\ITE311-JULOM\system\Database\MySQLi\Connection.php(327): mysqli->query('SELECT *\nFROM `...', 0)
#1 C:\xampp\htdocs\ITE311-JULOM\system\Database\BaseConnection.php(729): CodeIgniter\Database\MySQLi\Connection->execute('SELECT *\nFROM `...')
#2 C:\xampp\htdocs\ITE311-JULOM\system\Database\BaseConnection.php(646): CodeIgniter\Database\BaseConnection->simpleQuery('SELECT *\nFROM `...')
#3 C:\xampp\htdocs\ITE311-JULOM\system\Database\BaseBuilder.php(1649): CodeIgniter\Database\BaseConnection->query('SELECT *\nFROM `...', Array, false)
#4 C:\xampp\htdocs\ITE311-JULOM\system\Model.php(213): CodeIgniter\Database\BaseBuilder->get()
#5 C:\xampp\htdocs\ITE311-JULOM\system\BaseModel.php(611): CodeIgniter\Model->doFind(false, NULL)
#6 C:\xampp\htdocs\ITE311-JULOM\app\Models\LoginLogModel.php(41): CodeIgniter\BaseModel->find()
#7 C:\xampp\htdocs\ITE311-JULOM\app\Controllers\auth.php(217): App\Models\LoginLogModel->getRecentLogins(10)
#8 C:\xampp\htdocs\ITE311-JULOM\system\CodeIgniter.php(933): App\Controllers\Auth->dashboard()
#9 C:\xampp\htdocs\ITE311-JULOM\system\CodeIgniter.php(507): CodeIgniter\CodeIgniter->runController(Object(App\Controllers\Auth))
#10 C:\xampp\htdocs\ITE311-JULOM\system\CodeIgniter.php(354): CodeIgniter\CodeIgniter->handleRequest(NULL, Object(Config\Cache), false)
#11 C:\xampp\htdocs\ITE311-JULOM\system\Boot.php(363): CodeIgniter\CodeIgniter->run()
#12 C:\xampp\htdocs\ITE311-JULOM\system\Boot.php(68): CodeIgniter\Boot::runCodeIgniter(Object(CodeIgniter\CodeIgniter))
#13 C:\xampp\htdocs\ITE311-JULOM\index.php(59): CodeIgniter\Boot::bootWeb(Object(Config\Paths))
#14 {main}
ERROR - 2025-12-10 20:49:44 --> Error loading admin dashboard data: Table 'lms_julom.login_logs' doesn't exist
ERROR - 2025-12-10 20:50:30 --> mysqli_sql_exception: Table 'lms_julom.login_logs' doesn't exist in C:\xampp\htdocs\ITE311-JULOM\system\Database\MySQLi\Connection.php:327
Stack trace:
#0 C:\xampp\htdocs\ITE311-JULOM\system\Database\MySQLi\Connection.php(327): mysqli->query('INSERT INTO `lo...', 0)
#1 C:\xampp\htdocs\ITE311-JULOM\system\Database\BaseConnection.php(729): CodeIgniter\Database\MySQLi\Connection->execute('INSERT INTO `lo...')
#2 C:\xampp\htdocs\ITE311-JULOM\system\Database\BaseConnection.php(646): CodeIgniter\Database\BaseConnection->simpleQuery('INSERT INTO `lo...')
#3 C:\xampp\htdocs\ITE311-JULOM\system\Database\BaseBuilder.php(2345): CodeIgniter\Database\BaseConnection->query('INSERT INTO `lo...', Array, false)
#4 C:\xampp\htdocs\ITE311-JULOM\system\Model.php(394): CodeIgniter\Database\BaseBuilder->insert()
#5 C:\xampp\htdocs\ITE311-JULOM\system\BaseModel.php(838): CodeIgniter\Model->doInsert(Array)
#6 C:\xampp\htdocs\ITE311-JULOM\system\Model.php(797): CodeIgniter\BaseModel->insert(Array, true)
#7 C:\xampp\htdocs\ITE311-JULOM\app\Models\LoginLogModel.php(34): CodeIgniter\Model->insert(Array)
#8 C:\xampp\htdocs\ITE311-JULOM\app\Controllers\auth.php(141): App\Models\LoginLogModel->logLogin(1, 'Admin User', 'admin@example.c...', 'admin')
#9 C:\xampp\htdocs\ITE311-JULOM\system\CodeIgniter.php(933): App\Controllers\Auth->login()
#10 C:\xampp\htdocs\ITE311-JULOM\system\CodeIgniter.php(507): CodeIgniter\CodeIgniter->runController(Object(App\Controllers\Auth))
#11 C:\xampp\htdocs\ITE311-JULOM\system\CodeIgniter.php(354): CodeIgniter\CodeIgniter->handleRequest(NULL, Object(Config\Cache), false)
#12 C:\xampp\htdocs\ITE311-JULOM\system\Boot.php(363): CodeIgniter\CodeIgniter->run()
#13 C:\xampp\htdocs\ITE311-JULOM\system\Boot.php(68): CodeIgniter\Boot::runCodeIgniter(Object(CodeIgniter\CodeIgniter))
#14 C:\xampp\htdocs\ITE311-JULOM\index.php(59): CodeIgniter\Boot::bootWeb(Object(Config\Paths))
#15 {main}
ERROR - 2025-12-10 20:50:30 --> Failed to log login event: Table 'lms_julom.login_logs' doesn't exist
ERROR - 2025-12-10 20:50:30 --> mysqli_sql_exception: Table 'lms_julom.login_logs' doesn't exist in C:\xampp\htdocs\ITE311-JULOM\system\Database\MySQLi\Connection.php:327
Stack trace:
#0 C:\xampp\htdocs\ITE311-JULOM\system\Database\MySQLi\Connection.php(327): mysqli->query('SELECT *\nFROM `...', 0)
#1 C:\xampp\htdocs\ITE311-JULOM\system\Database\BaseConnection.php(729): CodeIgniter\Database\MySQLi\Connection->execute('SELECT *\nFROM `...')
#2 C:\xampp\htdocs\ITE311-JULOM\system\Database\BaseConnection.php(646): CodeIgniter\Database\BaseConnection->simpleQuery('SELECT *\nFROM `...')
#3 C:\xampp\htdocs\ITE311-JULOM\system\Database\BaseBuilder.php(1649): CodeIgniter\Database\BaseConnection->query('SELECT *\nFROM `...', Array, false)
#4 C:\xampp\htdocs\ITE311-JULOM\system\Model.php(213): CodeIgniter\Database\BaseBuilder->get()
#5 C:\xampp\htdocs\ITE311-JULOM\system\BaseModel.php(611): CodeIgniter\Model->doFind(false, NULL)
#6 C:\xampp\htdocs\ITE311-JULOM\app\Models\LoginLogModel.php(41): CodeIgniter\BaseModel->find()
#7 C:\xampp\htdocs\ITE311-JULOM\app\Controllers\auth.php(217): App\Models\LoginLogModel->getRecentLogins(10)
#8 C:\xampp\htdocs\ITE311-JULOM\system\CodeIgniter.php(933): App\Controllers\Auth->dashboard()
#9 C:\xampp\htdocs\ITE311-JULOM\system\CodeIgniter.php(507): CodeIgniter\CodeIgniter->runController(Object(App\Controllers\Auth))
#10 C:\xampp\htdocs\ITE311-JULOM\system\CodeIgniter.php(354): CodeIgniter\CodeIgniter->handleRequest(NULL, Object(Config\Cache), false)
#11 C:\xampp\htdocs\ITE311-JULOM\system\Boot.php(363): CodeIgniter\CodeIgniter->run()
#12 C:\xampp\htdocs\ITE311-JULOM\system\Boot.php(68): CodeIgniter\Boot::runCodeIgniter(Object(CodeIgniter\CodeIgniter))
#13 C:\xampp\htdocs\ITE311-JULOM\index.php(59): CodeIgniter\Boot::bootWeb(Object(Config\Paths))
#14 {main}
ERROR - 2025-12-10 20:50:30 --> Error loading admin dashboard data: Table 'lms_julom.login_logs' doesn't exist
ERROR - 2025-12-10 20:51:51 --> mysqli_sql_exception: Table 'lms_julom.login_logs' doesn't exist in C:\xampp\htdocs\ITE311-JULOM\system\Database\MySQLi\Connection.php:327
Stack trace:
#0 C:\xampp\htdocs\ITE311-JULOM\system\Database\MySQLi\Connection.php(327): mysqli->query('SELECT *\nFROM `...', 0)
#1 C:\xampp\htdocs\ITE311-JULOM\system\Database\BaseConnection.php(729): CodeIgniter\Database\MySQLi\Connection->execute('SELECT *\nFROM `...')
#2 C:\xampp\htdocs\ITE311-JULOM\system\Database\BaseConnection.php(646): CodeIgniter\Database\BaseConnection->simpleQuery('SELECT *\nFROM `...')
#3 C:\xampp\htdocs\ITE311-JULOM\system\Database\BaseBuilder.php(1649): CodeIgniter\Database\BaseConnection->query('SELECT *\nFROM `...', Array, false)
#4 C:\xampp\htdocs\ITE311-JULOM\system\Model.php(213): CodeIgniter\Database\BaseBuilder->get()
#5 C:\xampp\htdocs\ITE311-JULOM\system\BaseModel.php(611): CodeIgniter\Model->doFind(false, NULL)
#6 C:\xampp\htdocs\ITE311-JULOM\app\Models\LoginLogModel.php(41): CodeIgniter\BaseModel->find()
#7 C:\xampp\htdocs\ITE311-JULOM\app\Controllers\auth.php(217): App\Models\LoginLogModel->getRecentLogins(10)
#8 C:\xampp\htdocs\ITE311-JULOM\system\CodeIgniter.php(933): App\Controllers\Auth->dashboard()
#9 C:\xampp\htdocs\ITE311-JULOM\system\CodeIgniter.php(507): CodeIgniter\CodeIgniter->runController(Object(App\Controllers\Auth))
#10 C:\xampp\htdocs\ITE311-JULOM\system\CodeIgniter.php(354): CodeIgniter\CodeIgniter->handleRequest(NULL, Object(Config\Cache), false)
#11 C:\xampp\htdocs\ITE311-JULOM\system\Boot.php(363): CodeIgniter\CodeIgniter->run()
#12 C:\xampp\htdocs\ITE311-JULOM\system\Boot.php(68): CodeIgniter\Boot::runCodeIgniter(Object(CodeIgniter\CodeIgniter))
#13 C:\xampp\htdocs\ITE311-JULOM\index.php(59): CodeIgniter\Boot::bootWeb(Object(Config\Paths))
#14 {main}
ERROR - 2025-12-10 20:51:51 --> Error loading admin dashboard data: Table 'lms_julom.login_logs' doesn't exist
ERROR - 2025-12-10 20:56:45 --> mysqli_sql_exception: Table 'lms_julom.login_logs' doesn't exist in C:\xampp\htdocs\ITE311-JULOM\system\Database\MySQLi\Connection.php:327
Stack trace:
#0 C:\xampp\htdocs\ITE311-JULOM\system\Database\MySQLi\Connection.php(327): mysqli->query('INSERT INTO `lo...', 0)
#1 C:\xampp\htdocs\ITE311-JULOM\system\Database\BaseConnection.php(729): CodeIgniter\Database\MySQLi\Connection->execute('INSERT INTO `lo...')
#2 C:\xampp\htdocs\ITE311-JULOM\system\Database\BaseConnection.php(646): CodeIgniter\Database\BaseConnection->simpleQuery('INSERT INTO `lo...')
#3 C:\xampp\htdocs\ITE311-JULOM\system\Database\BaseBuilder.php(2345): CodeIgniter\Database\BaseConnection->query('INSERT INTO `lo...', Array, false)
#4 C:\xampp\htdocs\ITE311-JULOM\system\Model.php(394): CodeIgniter\Database\BaseBuilder->insert()
#5 C:\xampp\htdocs\ITE311-JULOM\system\BaseModel.php(838): CodeIgniter\Model->doInsert(Array)
#6 C:\xampp\htdocs\ITE311-JULOM\system\Model.php(797): CodeIgniter\BaseModel->insert(Array, true)
#7 C:\xampp\htdocs\ITE311-JULOM\app\Models\LoginLogModel.php(34): CodeIgniter\Model->insert(Array)
#8 C:\xampp\htdocs\ITE311-JULOM\app\Controllers\auth.php(141): App\Models\LoginLogModel->logLogin(1, 'Admin User', 'admin@example.c...', 'admin')
#9 C:\xampp\htdocs\ITE311-JULOM\system\CodeIgniter.php(933): App\Controllers\Auth->login()
#10 C:\xampp\htdocs\ITE311-JULOM\system\CodeIgniter.php(507): CodeIgniter\CodeIgniter->runController(Object(App\Controllers\Auth))
#11 C:\xampp\htdocs\ITE311-JULOM\system\CodeIgniter.php(354): CodeIgniter\CodeIgniter->handleRequest(NULL, Object(Config\Cache), false)
#12 C:\xampp\htdocs\ITE311-JULOM\system\Boot.php(363): CodeIgniter\CodeIgniter->run()
#13 C:\xampp\htdocs\ITE311-JULOM\system\Boot.php(68): CodeIgniter\Boot::runCodeIgniter(Object(CodeIgniter\CodeIgniter))
#14 C:\xampp\htdocs\ITE311-JULOM\index.php(59): CodeIgniter\Boot::bootWeb(Object(Config\Paths))
#15 {main}
ERROR - 2025-12-10 20:56:45 --> Failed to log login event: Table 'lms_julom.login_logs' doesn't exist
ERROR - 2025-12-10 20:56:45 --> mysqli_sql_exception: Table 'lms_julom.login_logs' doesn't exist in C:\xampp\htdocs\ITE311-JULOM\system\Database\MySQLi\Connection.php:327
Stack trace:
#0 C:\xampp\htdocs\ITE311-JULOM\system\Database\MySQLi\Connection.php(327): mysqli->query('SELECT *\nFROM `...', 0)
#1 C:\xampp\htdocs\ITE311-JULOM\system\Database\BaseConnection.php(729): CodeIgniter\Database\MySQLi\Connection->execute('SELECT *\nFROM `...')
#2 C:\xampp\htdocs\ITE311-JULOM\system\Database\BaseConnection.php(646): CodeIgniter\Database\BaseConnection->simpleQuery('SELECT *\nFROM `...')
#3 C:\xampp\htdocs\ITE311-JULOM\system\Database\BaseBuilder.php(1649): CodeIgniter\Database\BaseConnection->query('SELECT *\nFROM `...', Array, false)
#4 C:\xampp\htdocs\ITE311-JULOM\system\Model.php(213): CodeIgniter\Database\BaseBuilder->get()
#5 C:\xampp\htdocs\ITE311-JULOM\system\BaseModel.php(611): CodeIgniter\Model->doFind(false, NULL)
#6 C:\xampp\htdocs\ITE311-JULOM\app\Models\LoginLogModel.php(41): CodeIgniter\BaseModel->find()
#7 C:\xampp\htdocs\ITE311-JULOM\app\Controllers\auth.php(217): App\Models\LoginLogModel->getRecentLogins(10)
#8 C:\xampp\htdocs\ITE311-JULOM\system\CodeIgniter.php(933): App\Controllers\Auth->dashboard()
#9 C:\xampp\htdocs\ITE311-JULOM\system\CodeIgniter.php(507): CodeIgniter\CodeIgniter->runController(Object(App\Controllers\Auth))
#10 C:\xampp\htdocs\ITE311-JULOM\system\CodeIgniter.php(354): CodeIgniter\CodeIgniter->handleRequest(NULL, Object(Config\Cache), false)
#11 C:\xampp\htdocs\ITE311-JULOM\system\Boot.php(363): CodeIgniter\CodeIgniter->run()
#12 C:\xampp\htdocs\ITE311-JULOM\system\Boot.php(68): CodeIgniter\Boot::runCodeIgniter(Object(CodeIgniter\CodeIgniter))
#13 C:\xampp\htdocs\ITE311-JULOM\index.php(59): CodeIgniter\Boot::bootWeb(Object(Config\Paths))
#14 {main}
ERROR - 2025-12-10 20:56:45 --> Error loading admin dashboard data: Table 'lms_julom.login_logs' doesn't exist
ERROR - 2025-12-10 20:56:51 --> mysqli_sql_exception: Table 'lms_julom.login_logs' doesn't exist in C:\xampp\htdocs\ITE311-JULOM\system\Database\MySQLi\Connection.php:327
Stack trace:
#0 C:\xampp\htdocs\ITE311-JULOM\system\Database\MySQLi\Connection.php(327): mysqli->query('SELECT *\nFROM `...', 0)
#1 C:\xampp\htdocs\ITE311-JULOM\system\Database\BaseConnection.php(729): CodeIgniter\Database\MySQLi\Connection->execute('SELECT *\nFROM `...')
#2 C:\xampp\htdocs\ITE311-JULOM\system\Database\BaseConnection.php(646): CodeIgniter\Database\BaseConnection->simpleQuery('SELECT *\nFROM `...')
#3 C:\xampp\htdocs\ITE311-JULOM\system\Database\BaseBuilder.php(1649): CodeIgniter\Database\BaseConnection->query('SELECT *\nFROM `...', Array, false)
#4 C:\xampp\htdocs\ITE311-JULOM\system\Model.php(213): CodeIgniter\Database\BaseBuilder->get()
#5 C:\xampp\htdocs\ITE311-JULOM\system\BaseModel.php(611): CodeIgniter\Model->doFind(false, NULL)
#6 C:\xampp\htdocs\ITE311-JULOM\app\Models\LoginLogModel.php(41): CodeIgniter\BaseModel->find()
#7 C:\xampp\htdocs\ITE311-JULOM\app\Controllers\auth.php(217): App\Models\LoginLogModel->getRecentLogins(10)
#8 C:\xampp\htdocs\ITE311-JULOM\system\CodeIgniter.php(933): App\Controllers\Auth->dashboard()
#9 C:\xampp\htdocs\ITE311-JULOM\system\CodeIgniter.php(507): CodeIgniter\CodeIgniter->runController(Object(App\Controllers\Auth))
#10 C:\xampp\htdocs\ITE311-JULOM\system\CodeIgniter.php(354): CodeIgniter\CodeIgniter->handleRequest(NULL, Object(Config\Cache), false)
#11 C:\xampp\htdocs\ITE311-JULOM\system\Boot.php(363): CodeIgniter\CodeIgniter->run()
#12 C:\xampp\htdocs\ITE311-JULOM\system\Boot.php(68): CodeIgniter\Boot::runCodeIgniter(Object(CodeIgniter\CodeIgniter))
#13 C:\xampp\htdocs\ITE311-JULOM\index.php(59): CodeIgniter\Boot::bootWeb(Object(Config\Paths))
#14 {main}
ERROR - 2025-12-10 20:56:51 --> Error loading admin dashboard data: Table 'lms_julom.login_logs' doesn't exist
ERROR - 2025-12-10 21:06:48 --> mysqli_sql_exception: Table 'lms_julom.login_logs' doesn't exist in C:\xampp\htdocs\ITE311-JULOM\system\Database\MySQLi\Connection.php:327
Stack trace:
#0 C:\xampp\htdocs\ITE311-JULOM\system\Database\MySQLi\Connection.php(327): mysqli->query('INSERT INTO `lo...', 0)
#1 C:\xampp\htdocs\ITE311-JULOM\system\Database\BaseConnection.php(729): CodeIgniter\Database\MySQLi\Connection->execute('INSERT INTO `lo...')
#2 C:\xampp\htdocs\ITE311-JULOM\system\Database\BaseConnection.php(646): CodeIgniter\Database\BaseConnection->simpleQuery('INSERT INTO `lo...')
#3 C:\xampp\htdocs\ITE311-JULOM\system\Database\BaseBuilder.php(2345): CodeIgniter\Database\BaseConnection->query('INSERT INTO `lo...', Array, false)
#4 C:\xampp\htdocs\ITE311-JULOM\system\Model.php(394): CodeIgniter\Database\BaseBuilder->insert()
#5 C:\xampp\htdocs\ITE311-JULOM\system\BaseModel.php(838): CodeIgniter\Model->doInsert(Array)
#6 C:\xampp\htdocs\ITE311-JULOM\system\Model.php(797): CodeIgniter\BaseModel->insert(Array, true)
#7 C:\xampp\htdocs\ITE311-JULOM\app\Models\LoginLogModel.php(34): CodeIgniter\Model->insert(Array)
#8 C:\xampp\htdocs\ITE311-JULOM\app\Controllers\auth.php(141): App\Models\LoginLogModel->logLogin(1, 'Admin User', 'admin@example.c...', 'admin')
#9 C:\xampp\htdocs\ITE311-JULOM\system\CodeIgniter.php(933): App\Controllers\Auth->login()
#10 C:\xampp\htdocs\ITE311-JULOM\system\CodeIgniter.php(507): CodeIgniter\CodeIgniter->runController(Object(App\Controllers\Auth))
#11 C:\xampp\htdocs\ITE311-JULOM\system\CodeIgniter.php(354): CodeIgniter\CodeIgniter->handleRequest(NULL, Object(Config\Cache), false)
#12 C:\xampp\htdocs\ITE311-JULOM\system\Boot.php(363): CodeIgniter\CodeIgniter->run()
#13 C:\xampp\htdocs\ITE311-JULOM\system\Boot.php(68): CodeIgniter\Boot::runCodeIgniter(Object(CodeIgniter\CodeIgniter))
#14 C:\xampp\htdocs\ITE311-JULOM\index.php(59): CodeIgniter\Boot::bootWeb(Object(Config\Paths))
#15 {main}
ERROR - 2025-12-10 21:06:48 --> Failed to log login event: Table 'lms_julom.login_logs' doesn't exist
ERROR - 2025-12-10 21:06:48 --> mysqli_sql_exception: Table 'lms_julom.login_logs' doesn't exist in C:\xampp\htdocs\ITE311-JULOM\system\Database\MySQLi\Connection.php:327
Stack trace:
#0 C:\xampp\htdocs\ITE311-JULOM\system\Database\MySQLi\Connection.php(327): mysqli->query('SELECT *\nFROM `...', 0)
#1 C:\xampp\htdocs\ITE311-JULOM\system\Database\BaseConnection.php(729): CodeIgniter\Database\MySQLi\Connection->execute('SELECT *\nFROM `...')
#2 C:\xampp\htdocs\ITE311-JULOM\system\Database\BaseConnection.php(646): CodeIgniter\Database\BaseConnection->simpleQuery('SELECT *\nFROM `...')
#3 C:\xampp\htdocs\ITE311-JULOM\system\Database\BaseBuilder.php(1649): CodeIgniter\Database\BaseConnection->query('SELECT *\nFROM `...', Array, false)
#4 C:\xampp\htdocs\ITE311-JULOM\system\Model.php(213): CodeIgniter\Database\BaseBuilder->get()
#5 C:\xampp\htdocs\ITE311-JULOM\system\BaseModel.php(611): CodeIgniter\Model->doFind(false, NULL)
#6 C:\xampp\htdocs\ITE311-JULOM\app\Models\LoginLogModel.php(41): CodeIgniter\BaseModel->find()
#7 C:\xampp\htdocs\ITE311-JULOM\app\Controllers\auth.php(217): App\Models\LoginLogModel->getRecentLogins(10)
#8 C:\xampp\htdocs\ITE311-JULOM\system\CodeIgniter.php(933): App\Controllers\Auth->dashboard()
#9 C:\xampp\htdocs\ITE311-JULOM\system\CodeIgniter.php(507): CodeIgniter\CodeIgniter->runController(Object(App\Controllers\Auth))
#10 C:\xampp\htdocs\ITE311-JULOM\system\CodeIgniter.php(354): CodeIgniter\CodeIgniter->handleRequest(NULL, Object(Config\Cache), false)
#11 C:\xampp\htdocs\ITE311-JULOM\system\Boot.php(363): CodeIgniter\CodeIgniter->run()
#12 C:\xampp\htdocs\ITE311-JULOM\system\Boot.php(68): CodeIgniter\Boot::runCodeIgniter(Object(CodeIgniter\CodeIgniter))
#13 C:\xampp\htdocs\ITE311-JULOM\index.php(59): CodeIgniter\Boot::bootWeb(Object(Config\Paths))
#14 {main}
ERROR - 2025-12-10 21:06:48 --> Error loading admin dashboard data: Table 'lms_julom.login_logs' doesn't exist
ERROR - 2025-12-10 21:07:50 --> mysqli_sql_exception: Table 'lms_julom.login_logs' doesn't exist in C:\xampp\htdocs\ITE311-JULOM\system\Database\MySQLi\Connection.php:327
Stack trace:
#0 C:\xampp\htdocs\ITE311-JULOM\system\Database\MySQLi\Connection.php(327): mysqli->query('INSERT INTO `lo...', 0)
#1 C:\xampp\htdocs\ITE311-JULOM\system\Database\BaseConnection.php(729): CodeIgniter\Database\MySQLi\Connection->execute('INSERT INTO `lo...')
#2 C:\xampp\htdocs\ITE311-JULOM\system\Database\BaseConnection.php(646): CodeIgniter\Database\BaseConnection->simpleQuery('INSERT INTO `lo...')
#3 C:\xampp\htdocs\ITE311-JULOM\system\Database\BaseBuilder.php(2345): CodeIgniter\Database\BaseConnection->query('INSERT INTO `lo...', Array, false)
#4 C:\xampp\htdocs\ITE311-JULOM\system\Model.php(394): CodeIgniter\Database\BaseBuilder->insert()
#5 C:\xampp\htdocs\ITE311-JULOM\system\BaseModel.php(838): CodeIgniter\Model->doInsert(Array)
#6 C:\xampp\htdocs\ITE311-JULOM\system\Model.php(797): CodeIgniter\BaseModel->insert(Array, true)
#7 C:\xampp\htdocs\ITE311-JULOM\app\Models\LoginLogModel.php(34): CodeIgniter\Model->insert(Array)
#8 C:\xampp\htdocs\ITE311-JULOM\app\Controllers\auth.php(141): App\Models\LoginLogModel->logLogin(2, 'Instructor User', 'instructor@exam...', 'teacher')
#9 C:\xampp\htdocs\ITE311-JULOM\system\CodeIgniter.php(933): App\Controllers\Auth->login()
#10 C:\xampp\htdocs\ITE311-JULOM\system\CodeIgniter.php(507): CodeIgniter\CodeIgniter->runController(Object(App\Controllers\Auth))
#11 C:\xampp\htdocs\ITE311-JULOM\system\CodeIgniter.php(354): CodeIgniter\CodeIgniter->handleRequest(NULL, Object(Config\Cache), false)
#12 C:\xampp\htdocs\ITE311-JULOM\system\Boot.php(363): CodeIgniter\CodeIgniter->run()
#13 C:\xampp\htdocs\ITE311-JULOM\system\Boot.php(68): CodeIgniter\Boot::runCodeIgniter(Object(CodeIgniter\CodeIgniter))
#14 C:\xampp\htdocs\ITE311-JULOM\index.php(59): CodeIgniter\Boot::bootWeb(Object(Config\Paths))
#15 {main}
ERROR - 2025-12-10 21:07:50 --> Failed to log login event: Table 'lms_julom.login_logs' doesn't exist
ERROR - 2025-12-10 21:08:28 --> mysqli_sql_exception: Table 'lms_julom.login_logs' doesn't exist in C:\xampp\htdocs\ITE311-JULOM\system\Database\MySQLi\Connection.php:327
Stack trace:
#0 C:\xampp\htdocs\ITE311-JULOM\system\Database\MySQLi\Connection.php(327): mysqli->query('INSERT INTO `lo...', 0)
#1 C:\xampp\htdocs\ITE311-JULOM\system\Database\BaseConnection.php(729): CodeIgniter\Database\MySQLi\Connection->execute('INSERT INTO `lo...')
#2 C:\xampp\htdocs\ITE311-JULOM\system\Database\BaseConnection.php(646): CodeIgniter\Database\BaseConnection->simpleQuery('INSERT INTO `lo...')
#3 C:\xampp\htdocs\ITE311-JULOM\system\Database\BaseBuilder.php(2345): CodeIgniter\Database\BaseConnection->query('INSERT INTO `lo...', Array, false)
#4 C:\xampp\htdocs\ITE311-JULOM\system\Model.php(394): CodeIgniter\Database\BaseBuilder->insert()
#5 C:\xampp\htdocs\ITE311-JULOM\system\BaseModel.php(838): CodeIgniter\Model->doInsert(Array)
#6 C:\xampp\htdocs\ITE311-JULOM\system\Model.php(797): CodeIgniter\BaseModel->insert(Array, true)
#7 C:\xampp\htdocs\ITE311-JULOM\app\Models\LoginLogModel.php(34): CodeIgniter\Model->insert(Array)
#8 C:\xampp\htdocs\ITE311-JULOM\app\Controllers\auth.php(141): App\Models\LoginLogModel->logLogin(1, 'Admin User', 'admin@example.c...', 'admin')
#9 C:\xampp\htdocs\ITE311-JULOM\system\CodeIgniter.php(933): App\Controllers\Auth->login()
#10 C:\xampp\htdocs\ITE311-JULOM\system\CodeIgniter.php(507): CodeIgniter\CodeIgniter->runController(Object(App\Controllers\Auth))
#11 C:\xampp\htdocs\ITE311-JULOM\system\CodeIgniter.php(354): CodeIgniter\CodeIgniter->handleRequest(NULL, Object(Config\Cache), false)
#12 C:\xampp\htdocs\ITE311-JULOM\system\Boot.php(363): CodeIgniter\CodeIgniter->run()
#13 C:\xampp\htdocs\ITE311-JULOM\system\Boot.php(68): CodeIgniter\Boot::runCodeIgniter(Object(CodeIgniter\CodeIgniter))
#14 C:\xampp\htdocs\ITE311-JULOM\index.php(59): CodeIgniter\Boot::bootWeb(Object(Config\Paths))
#15 {main}
ERROR - 2025-12-10 21:08:28 --> Failed to log login event: Table 'lms_julom.login_logs' doesn't exist
ERROR - 2025-12-10 21:08:28 --> mysqli_sql_exception: Table 'lms_julom.login_logs' doesn't exist in C:\xampp\htdocs\ITE311-JULOM\system\Database\MySQLi\Connection.php:327
Stack trace:
#0 C:\xampp\htdocs\ITE311-JULOM\system\Database\MySQLi\Connection.php(327): mysqli->query('SELECT *\nFROM `...', 0)
#1 C:\xampp\htdocs\ITE311-JULOM\system\Database\BaseConnection.php(729): CodeIgniter\Database\MySQLi\Connection->execute('SELECT *\nFROM `...')
#2 C:\xampp\htdocs\ITE311-JULOM\system\Database\BaseConnection.php(646): CodeIgniter\Database\BaseConnection->simpleQuery('SELECT *\nFROM `...')
#3 C:\xampp\htdocs\ITE311-JULOM\system\Database\BaseBuilder.php(1649): CodeIgniter\Database\BaseConnection->query('SELECT *\nFROM `...', Array, false)
#4 C:\xampp\htdocs\ITE311-JULOM\system\Model.php(213): CodeIgniter\Database\BaseBuilder->get()
#5 C:\xampp\htdocs\ITE311-JULOM\system\BaseModel.php(611): CodeIgniter\Model->doFind(false, NULL)
#6 C:\xampp\htdocs\ITE311-JULOM\app\Models\LoginLogModel.php(41): CodeIgniter\BaseModel->find()
#7 C:\xampp\htdocs\ITE311-JULOM\app\Controllers\auth.php(217): App\Models\LoginLogModel->getRecentLogins(10)
#8 C:\xampp\htdocs\ITE311-JULOM\system\CodeIgniter.php(933): App\Controllers\Auth->dashboard()
#9 C:\xampp\htdocs\ITE311-JULOM\system\CodeIgniter.php(507): CodeIgniter\CodeIgniter->runController(Object(App\Controllers\Auth))
#10 C:\xampp\htdocs\ITE311-JULOM\system\CodeIgniter.php(354): CodeIgniter\CodeIgniter->handleRequest(NULL, Object(Config\Cache), false)
#11 C:\xampp\htdocs\ITE311-JULOM\system\Boot.php(363): CodeIgniter\CodeIgniter->run()
#12 C:\xampp\htdocs\ITE311-JULOM\system\Boot.php(68): CodeIgniter\Boot::runCodeIgniter(Object(CodeIgniter\CodeIgniter))
#13 C:\xampp\htdocs\ITE311-JULOM\index.php(59): CodeIgniter\Boot::bootWeb(Object(Config\Paths))
#14 {main}
ERROR - 2025-12-10 21:08:28 --> Error loading admin dashboard data: Table 'lms_julom.login_logs' doesn't exist
DEBUG - 2025-12-10 21:10:13 --> Session: Class initialized using 'CodeIgniter\Session\Handlers\FileHandler' driver.
DEBUG - 2025-12-10 21:12:12 --> Session: Class initialized using 'CodeIgniter\Session\Handlers\FileHandler' driver.
ERROR - 2025-12-10 21:12:16 --> mysqli_sql_exception: Table 'lms_julom.login_logs' doesn't exist in C:\xampp\htdocs\ITE311-JULOM\system\Database\MySQLi\Connection.php:327
Stack trace:
#0 C:\xampp\htdocs\ITE311-JULOM\system\Database\MySQLi\Connection.php(327): mysqli->query('SELECT *\nFROM `...', 0)
#1 C:\xampp\htdocs\ITE311-JULOM\system\Database\BaseConnection.php(729): CodeIgniter\Database\MySQLi\Connection->execute('SELECT *\nFROM `...')
#2 C:\xampp\htdocs\ITE311-JULOM\system\Database\BaseConnection.php(646): CodeIgniter\Database\BaseConnection->simpleQuery('SELECT *\nFROM `...')
#3 C:\xampp\htdocs\ITE311-JULOM\system\Database\BaseBuilder.php(1649): CodeIgniter\Database\BaseConnection->query('SELECT *\nFROM `...', Array, false)
#4 C:\xampp\htdocs\ITE311-JULOM\system\Model.php(213): CodeIgniter\Database\BaseBuilder->get()
#5 C:\xampp\htdocs\ITE311-JULOM\system\BaseModel.php(611): CodeIgniter\Model->doFind(false, NULL)
#6 C:\xampp\htdocs\ITE311-JULOM\app\Models\LoginLogModel.php(41): CodeIgniter\BaseModel->find()
#7 C:\xampp\htdocs\ITE311-JULOM\app\Controllers\auth.php(217): App\Models\LoginLogModel->getRecentLogins(10)
#8 C:\xampp\htdocs\ITE311-JULOM\system\CodeIgniter.php(933): App\Controllers\Auth->dashboard()
#9 C:\xampp\htdocs\ITE311-JULOM\system\CodeIgniter.php(507): CodeIgniter\CodeIgniter->runController(Object(App\Controllers\Auth))
#10 C:\xampp\htdocs\ITE311-JULOM\system\CodeIgniter.php(354): CodeIgniter\CodeIgniter->handleRequest(NULL, Object(Config\Cache), false)
#11 C:\xampp\htdocs\ITE311-JULOM\system\Boot.php(363): CodeIgniter\CodeIgniter->run()
#12 C:\xampp\htdocs\ITE311-JULOM\system\Boot.php(68): CodeIgniter\Boot::runCodeIgniter(Object(CodeIgniter\CodeIgniter))
#13 C:\xampp\htdocs\ITE311-JULOM\index.php(59): CodeIgniter\Boot::bootWeb(Object(Config\Paths))
#14 {main}
ERROR - 2025-12-10 21:12:16 --> Error loading admin dashboard data: Table 'lms_julom.login_logs' doesn't exist
ERROR - 2025-12-10 21:12:44 --> mysqli_sql_exception: Table 'lms_julom.login_logs' doesn't exist in C:\xampp\htdocs\ITE311-JULOM\system\Database\MySQLi\Connection.php:327
Stack trace:
#0 C:\xampp\htdocs\ITE311-JULOM\system\Database\MySQLi\Connection.php(327): mysqli->query('SELECT *\nFROM `...', 0)
#1 C:\xampp\htdocs\ITE311-JULOM\system\Database\BaseConnection.php(729): CodeIgniter\Database\MySQLi\Connection->execute('SELECT *\nFROM `...')
#2 C:\xampp\htdocs\ITE311-JULOM\system\Database\BaseConnection.php(646): CodeIgniter\Database\BaseConnection->simpleQuery('SELECT *\nFROM `...')
#3 C:\xampp\htdocs\ITE311-JULOM\system\Database\BaseBuilder.php(1649): CodeIgniter\Database\BaseConnection->query('SELECT *\nFROM `...', Array, false)
#4 C:\xampp\htdocs\ITE311-JULOM\system\Model.php(213): CodeIgniter\Database\BaseBuilder->get()
#5 C:\xampp\htdocs\ITE311-JULOM\system\BaseModel.php(611): CodeIgniter\Model->doFind(false, NULL)
#6 C:\xampp\htdocs\ITE311-JULOM\app\Models\LoginLogModel.php(41): CodeIgniter\BaseModel->find()
#7 C:\xampp\htdocs\ITE311-JULOM\app\Controllers\auth.php(217): App\Models\LoginLogModel->getRecentLogins(10)
#8 C:\xampp\htdocs\ITE311-JULOM\system\CodeIgniter.php(933): App\Controllers\Auth->dashboard()
#9 C:\xampp\htdocs\ITE311-JULOM\system\CodeIgniter.php(507): CodeIgniter\CodeIgniter->runController(Object(App\Controllers\Auth))
#10 C:\xampp\htdocs\ITE311-JULOM\system\CodeIgniter.php(354): CodeIgniter\CodeIgniter->handleRequest(NULL, Object(Config\Cache), false)
#11 C:\xampp\htdocs\ITE311-JULOM\system\Boot.php(363): CodeIgniter\CodeIgniter->run()
#12 C:\xampp\htdocs\ITE311-JULOM\system\Boot.php(68): CodeIgniter\Boot::runCodeIgniter(Object(CodeIgniter\CodeIgniter))
#13 C:\xampp\htdocs\ITE311-JULOM\index.php(59): CodeIgniter\Boot::bootWeb(Object(Config\Paths))
#14 {main}
ERROR - 2025-12-10 21:12:44 --> Error loading admin dashboard data: Table 'lms_julom.login_logs' doesn't exist
ERROR - 2025-12-10 21:13:00 --> mysqli_sql_exception: Table 'lms_julom.login_logs' doesn't exist in C:\xampp\htdocs\ITE311-JULOM\system\Database\MySQLi\Connection.php:327
Stack trace:
#0 C:\xampp\htdocs\ITE311-JULOM\system\Database\MySQLi\Connection.php(327): mysqli->query('INSERT INTO `lo...', 0)
#1 C:\xampp\htdocs\ITE311-JULOM\system\Database\BaseConnection.php(729): CodeIgniter\Database\MySQLi\Connection->execute('INSERT INTO `lo...')
#2 C:\xampp\htdocs\ITE311-JULOM\system\Database\BaseConnection.php(646): CodeIgniter\Database\BaseConnection->simpleQuery('INSERT INTO `lo...')
#3 C:\xampp\htdocs\ITE311-JULOM\system\Database\BaseBuilder.php(2345): CodeIgniter\Database\BaseConnection->query('INSERT INTO `lo...', Array, false)
#4 C:\xampp\htdocs\ITE311-JULOM\system\Model.php(394): CodeIgniter\Database\BaseBuilder->insert()
#5 C:\xampp\htdocs\ITE311-JULOM\system\BaseModel.php(838): CodeIgniter\Model->doInsert(Array)
#6 C:\xampp\htdocs\ITE311-JULOM\system\Model.php(797): CodeIgniter\BaseModel->insert(Array, true)
#7 C:\xampp\htdocs\ITE311-JULOM\app\Models\LoginLogModel.php(34): CodeIgniter\Model->insert(Array)
#8 C:\xampp\htdocs\ITE311-JULOM\app\Controllers\auth.php(141): App\Models\LoginLogModel->logLogin(2, 'Instructor User', 'instructor@exam...', 'teacher')
#9 C:\xampp\htdocs\ITE311-JULOM\system\CodeIgniter.php(933): App\Controllers\Auth->login()
#10 C:\xampp\htdocs\ITE311-JULOM\system\CodeIgniter.php(507): CodeIgniter\CodeIgniter->runController(Object(App\Controllers\Auth))
#11 C:\xampp\htdocs\ITE311-JULOM\system\CodeIgniter.php(354): CodeIgniter\CodeIgniter->handleRequest(NULL, Object(Config\Cache), false)
#12 C:\xampp\htdocs\ITE311-JULOM\system\Boot.php(363): CodeIgniter\CodeIgniter->run()
#13 C:\xampp\htdocs\ITE311-JULOM\system\Boot.php(68): CodeIgniter\Boot::runCodeIgniter(Object(CodeIgniter\CodeIgniter))
#14 C:\xampp\htdocs\ITE311-JULOM\index.php(59): CodeIgniter\Boot::bootWeb(Object(Config\Paths))
#15 {main}
ERROR - 2025-12-10 21:13:00 --> Failed to log login event: Table 'lms_julom.login_logs' doesn't exist
ERROR - 2025-12-10 21:16:42 --> mysqli_sql_exception: Table 'lms_julom.login_logs' doesn't exist in C:\xampp\htdocs\ITE311-JULOM\system\Database\MySQLi\Connection.php:327
Stack trace:
#0 C:\xampp\htdocs\ITE311-JULOM\system\Database\MySQLi\Connection.php(327): mysqli->query('INSERT INTO `lo...', 0)
#1 C:\xampp\htdocs\ITE311-JULOM\system\Database\BaseConnection.php(729): CodeIgniter\Database\MySQLi\Connection->execute('INSERT INTO `lo...')
#2 C:\xampp\htdocs\ITE311-JULOM\system\Database\BaseConnection.php(646): CodeIgniter\Database\BaseConnection->simpleQuery('INSERT INTO `lo...')
#3 C:\xampp\htdocs\ITE311-JULOM\system\Database\BaseBuilder.php(2345): CodeIgniter\Database\BaseConnection->query('INSERT INTO `lo...', Array, false)
#4 C:\xampp\htdocs\ITE311-JULOM\system\Model.php(394): CodeIgniter\Database\BaseBuilder->insert()
#5 C:\xampp\htdocs\ITE311-JULOM\system\BaseModel.php(838): CodeIgniter\Model->doInsert(Array)
#6 C:\xampp\htdocs\ITE311-JULOM\system\Model.php(797): CodeIgniter\BaseModel->insert(Array, true)
#7 C:\xampp\htdocs\ITE311-JULOM\app\Models\LoginLogModel.php(34): CodeIgniter\Model->insert(Array)
#8 C:\xampp\htdocs\ITE311-JULOM\app\Controllers\auth.php(141): App\Models\LoginLogModel->logLogin(1, 'Admin User', 'admin@example.c...', 'admin')
#9 C:\xampp\htdocs\ITE311-JULOM\system\CodeIgniter.php(933): App\Controllers\Auth->login()
#10 C:\xampp\htdocs\ITE311-JULOM\system\CodeIgniter.php(507): CodeIgniter\CodeIgniter->runController(Object(App\Controllers\Auth))
#11 C:\xampp\htdocs\ITE311-JULOM\system\CodeIgniter.php(354): CodeIgniter\CodeIgniter->handleRequest(NULL, Object(Config\Cache), false)
#12 C:\xampp\htdocs\ITE311-JULOM\system\Boot.php(363): CodeIgniter\CodeIgniter->run()
#13 C:\xampp\htdocs\ITE311-JULOM\system\Boot.php(68): CodeIgniter\Boot::runCodeIgniter(Object(CodeIgniter\CodeIgniter))
#14 C:\xampp\htdocs\ITE311-JULOM\index.php(59): CodeIgniter\Boot::bootWeb(Object(Config\Paths))
#15 {main}
ERROR - 2025-12-10 21:16:42 --> Failed to log login event: Table 'lms_julom.login_logs' doesn't exist
ERROR - 2025-12-10 21:16:42 --> mysqli_sql_exception: Table 'lms_julom.login_logs' doesn't exist in C:\xampp\htdocs\ITE311-JULOM\system\Database\MySQLi\Connection.php:327
Stack trace:
#0 C:\xampp\htdocs\ITE311-JULOM\system\Database\MySQLi\Connection.php(327): mysqli->query('SELECT *\nFROM `...', 0)
#1 C:\xampp\htdocs\ITE311-JULOM\system\Database\BaseConnection.php(729): CodeIgniter\Database\MySQLi\Connection->execute('SELECT *\nFROM `...')
#2 C:\xampp\htdocs\ITE311-JULOM\system\Database\BaseConnection.php(646): CodeIgniter\Database\BaseConnection->simpleQuery('SELECT *\nFROM `...')
#3 C:\xampp\htdocs\ITE311-JULOM\system\Database\BaseBuilder.php(1649): CodeIgniter\Database\BaseConnection->query('SELECT *\nFROM `...', Array, false)
#4 C:\xampp\htdocs\ITE311-JULOM\system\Model.php(213): CodeIgniter\Database\BaseBuilder->get()
#5 C:\xampp\htdocs\ITE311-JULOM\system\BaseModel.php(611): CodeIgniter\Model->doFind(false, NULL)
#6 C:\xampp\htdocs\ITE311-JULOM\app\Models\LoginLogModel.php(41): CodeIgniter\BaseModel->find()
#7 C:\xampp\htdocs\ITE311-JULOM\app\Controllers\auth.php(217): App\Models\LoginLogModel->getRecentLogins(10)
#8 C:\xampp\htdocs\ITE311-JULOM\system\CodeIgniter.php(933): App\Controllers\Auth->dashboard()
#9 C:\xampp\htdocs\ITE311-JULOM\system\CodeIgniter.php(507): CodeIgniter\CodeIgniter->runController(Object(App\Controllers\Auth))
#10 C:\xampp\htdocs\ITE311-JULOM\system\CodeIgniter.php(354): CodeIgniter\CodeIgniter->handleRequest(NULL, Object(Config\Cache), false)
#11 C:\xampp\htdocs\ITE311-JULOM\system\Boot.php(363): CodeIgniter\CodeIgniter->run()
#12 C:\xampp\htdocs\ITE311-JULOM\system\Boot.php(68): CodeIgniter\Boot::runCodeIgniter(Object(CodeIgniter\CodeIgniter))
#13 C:\xampp\htdocs\ITE311-JULOM\index.php(59): CodeIgniter\Boot::bootWeb(Object(Config\Paths))
#14 {main}
ERROR - 2025-12-10 21:16:42 --> Error loading admin dashboard data: Table 'lms_julom.login_logs' doesn't exist
ERROR - 2025-12-10 21:21:18 --> mysqli_sql_exception: Table 'lms_julom.login_logs' doesn't exist in C:\xampp\htdocs\ITE311-JULOM\system\Database\MySQLi\Connection.php:327
Stack trace:
#0 C:\xampp\htdocs\ITE311-JULOM\system\Database\MySQLi\Connection.php(327): mysqli->query('SELECT *\nFROM `...', 0)
#1 C:\xampp\htdocs\ITE311-JULOM\system\Database\BaseConnection.php(729): CodeIgniter\Database\MySQLi\Connection->execute('SELECT *\nFROM `...')
#2 C:\xampp\htdocs\ITE311-JULOM\system\Database\BaseConnection.php(646): CodeIgniter\Database\BaseConnection->simpleQuery('SELECT *\nFROM `...')
#3 C:\xampp\htdocs\ITE311-JULOM\system\Database\BaseBuilder.php(1649): CodeIgniter\Database\BaseConnection->query('SELECT *\nFROM `...', Array, false)
#4 C:\xampp\htdocs\ITE311-JULOM\system\Model.php(213): CodeIgniter\Database\BaseBuilder->get()
#5 C:\xampp\htdocs\ITE311-JULOM\system\BaseModel.php(611): CodeIgniter\Model->doFind(false, NULL)
#6 C:\xampp\htdocs\ITE311-JULOM\app\Models\LoginLogModel.php(41): CodeIgniter\BaseModel->find()
#7 C:\xampp\htdocs\ITE311-JULOM\app\Controllers\auth.php(217): App\Models\LoginLogModel->getRecentLogins(10)
#8 C:\xampp\htdocs\ITE311-JULOM\system\CodeIgniter.php(933): App\Controllers\Auth->dashboard()
#9 C:\xampp\htdocs\ITE311-JULOM\system\CodeIgniter.php(507): CodeIgniter\CodeIgniter->runController(Object(App\Controllers\Auth))
#10 C:\xampp\htdocs\ITE311-JULOM\system\CodeIgniter.php(354): CodeIgniter\CodeIgniter->handleRequest(NULL, Object(Config\Cache), false)
#11 C:\xampp\htdocs\ITE311-JULOM\system\Boot.php(363): CodeIgniter\CodeIgniter->run()
#12 C:\xampp\htdocs\ITE311-JULOM\system\Boot.php(68): CodeIgniter\Boot::runCodeIgniter(Object(CodeIgniter\CodeIgniter))
#13 C:\xampp\htdocs\ITE311-JULOM\index.php(59): CodeIgniter\Boot::bootWeb(Object(Config\Paths))
#14 {main}
ERROR - 2025-12-10 21:21:18 --> Error loading admin dashboard data: Table 'lms_julom.login_logs' doesn't exist
ERROR - 2025-12-10 21:21:33 --> mysqli_sql_exception: Table 'lms_julom.login_logs' doesn't exist in C:\xampp\htdocs\ITE311-JULOM\system\Database\MySQLi\Connection.php:327
Stack trace:
#0 C:\xampp\htdocs\ITE311-JULOM\system\Database\MySQLi\Connection.php(327): mysqli->query('INSERT INTO `lo...', 0)
#1 C:\xampp\htdocs\ITE311-JULOM\system\Database\BaseConnection.php(729): CodeIgniter\Database\MySQLi\Connection->execute('INSERT INTO `lo...')
#2 C:\xampp\htdocs\ITE311-JULOM\system\Database\BaseConnection.php(646): CodeIgniter\Database\BaseConnection->simpleQuery('INSERT INTO `lo...')
#3 C:\xampp\htdocs\ITE311-JULOM\system\Database\BaseBuilder.php(2345): CodeIgniter\Database\BaseConnection->query('INSERT INTO `lo...', Array, false)
#4 C:\xampp\htdocs\ITE311-JULOM\system\Model.php(394): CodeIgniter\Database\BaseBuilder->insert()
#5 C:\xampp\htdocs\ITE311-JULOM\system\BaseModel.php(838): CodeIgniter\Model->doInsert(Array)
#6 C:\xampp\htdocs\ITE311-JULOM\system\Model.php(797): CodeIgniter\BaseModel->insert(Array, true)
#7 C:\xampp\htdocs\ITE311-JULOM\app\Models\LoginLogModel.php(34): CodeIgniter\Model->insert(Array)
#8 C:\xampp\htdocs\ITE311-JULOM\app\Controllers\auth.php(141): App\Models\LoginLogModel->logLogin(3, 'Student User', 'student@example...', 'student')
#9 C:\xampp\htdocs\ITE311-JULOM\system\CodeIgniter.php(933): App\Controllers\Auth->login()
#10 C:\xampp\htdocs\ITE311-JULOM\system\CodeIgniter.php(507): CodeIgniter\CodeIgniter->runController(Object(App\Controllers\Auth))
#11 C:\xampp\htdocs\ITE311-JULOM\system\CodeIgniter.php(354): CodeIgniter\CodeIgniter->handleRequest(NULL, Object(Config\Cache), false)
#12 C:\xampp\htdocs\ITE311-JULOM\system\Boot.php(363): CodeIgniter\CodeIgniter->run()
#13 C:\xampp\htdocs\ITE311-JULOM\system\Boot.php(68): CodeIgniter\Boot::runCodeIgniter(Object(CodeIgniter\CodeIgniter))
#14 C:\xampp\htdocs\ITE311-JULOM\index.php(59): CodeIgniter\Boot::bootWeb(Object(Config\Paths))
#15 {main}
ERROR - 2025-12-10 21:21:33 --> Failed to log login event: Table 'lms_julom.login_logs' doesn't exist
ERROR - 2025-12-10 21:22:19 --> mysqli_sql_exception: Table 'lms_julom.login_logs' doesn't exist in C:\xampp\htdocs\ITE311-JULOM\system\Database\MySQLi\Connection.php:327
Stack trace:
#0 C:\xampp\htdocs\ITE311-JULOM\system\Database\MySQLi\Connection.php(327): mysqli->query('INSERT INTO `lo...', 0)
#1 C:\xampp\htdocs\ITE311-JULOM\system\Database\BaseConnection.php(729): CodeIgniter\Database\MySQLi\Connection->execute('INSERT INTO `lo...')
#2 C:\xampp\htdocs\ITE311-JULOM\system\Database\BaseConnection.php(646): CodeIgniter\Database\BaseConnection->simpleQuery('INSERT INTO `lo...')
#3 C:\xampp\htdocs\ITE311-JULOM\system\Database\BaseBuilder.php(2345): CodeIgniter\Database\BaseConnection->query('INSERT INTO `lo...', Array, false)
#4 C:\xampp\htdocs\ITE311-JULOM\system\Model.php(394): CodeIgniter\Database\BaseBuilder->insert()
#5 C:\xampp\htdocs\ITE311-JULOM\system\BaseModel.php(838): CodeIgniter\Model->doInsert(Array)
#6 C:\xampp\htdocs\ITE311-JULOM\system\Model.php(797): CodeIgniter\BaseModel->insert(Array, true)
#7 C:\xampp\htdocs\ITE311-JULOM\app\Models\LoginLogModel.php(34): CodeIgniter\Model->insert(Array)
#8 C:\xampp\htdocs\ITE311-JULOM\app\Controllers\auth.php(141): App\Models\LoginLogModel->logLogin(1, 'Admin User', 'admin@example.c...', 'admin')
#9 C:\xampp\htdocs\ITE311-JULOM\system\CodeIgniter.php(933): App\Controllers\Auth->login()
#10 C:\xampp\htdocs\ITE311-JULOM\system\CodeIgniter.php(507): CodeIgniter\CodeIgniter->runController(Object(App\Controllers\Auth))
#11 C:\xampp\htdocs\ITE311-JULOM\system\CodeIgniter.php(354): CodeIgniter\CodeIgniter->handleRequest(NULL, Object(Config\Cache), false)
#12 C:\xampp\htdocs\ITE311-JULOM\system\Boot.php(363): CodeIgniter\CodeIgniter->run()
#13 C:\xampp\htdocs\ITE311-JULOM\system\Boot.php(68): CodeIgniter\Boot::runCodeIgniter(Object(CodeIgniter\CodeIgniter))
#14 C:\xampp\htdocs\ITE311-JULOM\index.php(59): CodeIgniter\Boot::bootWeb(Object(Config\Paths))
#15 {main}
ERROR - 2025-12-10 21:22:19 --> Failed to log login event: Table 'lms_julom.login_logs' doesn't exist
ERROR - 2025-12-10 21:22:19 --> mysqli_sql_exception: Table 'lms_julom.login_logs' doesn't exist in C:\xampp\htdocs\ITE311-JULOM\system\Database\MySQLi\Connection.php:327
Stack trace:
#0 C:\xampp\htdocs\ITE311-JULOM\system\Database\MySQLi\Connection.php(327): mysqli->query('SELECT *\nFROM `...', 0)
#1 C:\xampp\htdocs\ITE311-JULOM\system\Database\BaseConnection.php(729): CodeIgniter\Database\MySQLi\Connection->execute('SELECT *\nFROM `...')
#2 C:\xampp\htdocs\ITE311-JULOM\system\Database\BaseConnection.php(646): CodeIgniter\Database\BaseConnection->simpleQuery('SELECT *\nFROM `...')
#3 C:\xampp\htdocs\ITE311-JULOM\system\Database\BaseBuilder.php(1649): CodeIgniter\Database\BaseConnection->query('SELECT *\nFROM `...', Array, false)
#4 C:\xampp\htdocs\ITE311-JULOM\system\Model.php(213): CodeIgniter\Database\BaseBuilder->get()
#5 C:\xampp\htdocs\ITE311-JULOM\system\BaseModel.php(611): CodeIgniter\Model->doFind(false, NULL)
#6 C:\xampp\htdocs\ITE311-JULOM\app\Models\LoginLogModel.php(41): CodeIgniter\BaseModel->find()
#7 C:\xampp\htdocs\ITE311-JULOM\app\Controllers\auth.php(217): App\Models\LoginLogModel->getRecentLogins(10)
#8 C:\xampp\htdocs\ITE311-JULOM\system\CodeIgniter.php(933): App\Controllers\Auth->dashboard()
#9 C:\xampp\htdocs\ITE311-JULOM\system\CodeIgniter.php(507): CodeIgniter\CodeIgniter->runController(Object(App\Controllers\Auth))
#10 C:\xampp\htdocs\ITE311-JULOM\system\CodeIgniter.php(354): CodeIgniter\CodeIgniter->handleRequest(NULL, Object(Config\Cache), false)
#11 C:\xampp\htdocs\ITE311-JULOM\system\Boot.php(363): CodeIgniter\CodeIgniter->run()
#12 C:\xampp\htdocs\ITE311-JULOM\system\Boot.php(68): CodeIgniter\Boot::runCodeIgniter(Object(CodeIgniter\CodeIgniter))
#13 C:\xampp\htdocs\ITE311-JULOM\index.php(59): CodeIgniter\Boot::bootWeb(Object(Config\Paths))
#14 {main}
ERROR - 2025-12-10 21:22:19 --> Error loading admin dashboard data: Table 'lms_julom.login_logs' doesn't exist
ERROR - 2025-12-10 21:22:33 --> mysqli_sql_exception: Table 'lms_julom.login_logs' doesn't exist in C:\xampp\htdocs\ITE311-JULOM\system\Database\MySQLi\Connection.php:327
Stack trace:
#0 C:\xampp\htdocs\ITE311-JULOM\system\Database\MySQLi\Connection.php(327): mysqli->query('SELECT *\nFROM `...', 0)
#1 C:\xampp\htdocs\ITE311-JULOM\system\Database\BaseConnection.php(729): CodeIgniter\Database\MySQLi\Connection->execute('SELECT *\nFROM `...')
#2 C:\xampp\htdocs\ITE311-JULOM\system\Database\BaseConnection.php(646): CodeIgniter\Database\BaseConnection->simpleQuery('SELECT *\nFROM `...')
#3 C:\xampp\htdocs\ITE311-JULOM\system\Database\BaseBuilder.php(1649): CodeIgniter\Database\BaseConnection->query('SELECT *\nFROM `...', Array, false)
#4 C:\xampp\htdocs\ITE311-JULOM\system\Model.php(213): CodeIgniter\Database\BaseBuilder->get()
#5 C:\xampp\htdocs\ITE311-JULOM\system\BaseModel.php(611): CodeIgniter\Model->doFind(false, NULL)
#6 C:\xampp\htdocs\ITE311-JULOM\app\Models\LoginLogModel.php(41): CodeIgniter\BaseModel->find()
#7 C:\xampp\htdocs\ITE311-JULOM\app\Controllers\auth.php(217): App\Models\LoginLogModel->getRecentLogins(10)
#8 C:\xampp\htdocs\ITE311-JULOM\system\CodeIgniter.php(933): App\Controllers\Auth->dashboard()
#9 C:\xampp\htdocs\ITE311-JULOM\system\CodeIgniter.php(507): CodeIgniter\CodeIgniter->runController(Object(App\Controllers\Auth))
#10 C:\xampp\htdocs\ITE311-JULOM\system\CodeIgniter.php(354): CodeIgniter\CodeIgniter->handleRequest(NULL, Object(Config\Cache), false)
#11 C:\xampp\htdocs\ITE311-JULOM\system\Boot.php(363): CodeIgniter\CodeIgniter->run()
#12 C:\xampp\htdocs\ITE311-JULOM\system\Boot.php(68): CodeIgniter\Boot::runCodeIgniter(Object(CodeIgniter\CodeIgniter))
#13 C:\xampp\htdocs\ITE311-JULOM\index.php(59): CodeIgniter\Boot::bootWeb(Object(Config\Paths))
#14 {main}
ERROR - 2025-12-10 21:22:33 --> Error loading admin dashboard data: Table 'lms_julom.login_logs' doesn't exist
ERROR - 2025-12-10 21:22:49 --> mysqli_sql_exception: Table 'lms_julom.login_logs' doesn't exist in C:\xampp\htdocs\ITE311-JULOM\system\Database\MySQLi\Connection.php:327
Stack trace:
#0 C:\xampp\htdocs\ITE311-JULOM\system\Database\MySQLi\Connection.php(327): mysqli->query('INSERT INTO `lo...', 0)
#1 C:\xampp\htdocs\ITE311-JULOM\system\Database\BaseConnection.php(729): CodeIgniter\Database\MySQLi\Connection->execute('INSERT INTO `lo...')
#2 C:\xampp\htdocs\ITE311-JULOM\system\Database\BaseConnection.php(646): CodeIgniter\Database\BaseConnection->simpleQuery('INSERT INTO `lo...')
#3 C:\xampp\htdocs\ITE311-JULOM\system\Database\BaseBuilder.php(2345): CodeIgniter\Database\BaseConnection->query('INSERT INTO `lo...', Array, false)
#4 C:\xampp\htdocs\ITE311-JULOM\system\Model.php(394): CodeIgniter\Database\BaseBuilder->insert()
#5 C:\xampp\htdocs\ITE311-JULOM\system\BaseModel.php(838): CodeIgniter\Model->doInsert(Array)
#6 C:\xampp\htdocs\ITE311-JULOM\system\Model.php(797): CodeIgniter\BaseModel->insert(Array, true)
#7 C:\xampp\htdocs\ITE311-JULOM\app\Models\LoginLogModel.php(34): CodeIgniter\Model->insert(Array)
#8 C:\xampp\htdocs\ITE311-JULOM\app\Controllers\auth.php(141): App\Models\LoginLogModel->logLogin(3, 'Student User', 'student@example...', 'student')
#9 C:\xampp\htdocs\ITE311-JULOM\system\CodeIgniter.php(933): App\Controllers\Auth->login()
#10 C:\xampp\htdocs\ITE311-JULOM\system\CodeIgniter.php(507): CodeIgniter\CodeIgniter->runController(Object(App\Controllers\Auth))
#11 C:\xampp\htdocs\ITE311-JULOM\system\CodeIgniter.php(354): CodeIgniter\CodeIgniter->handleRequest(NULL, Object(Config\Cache), false)
#12 C:\xampp\htdocs\ITE311-JULOM\system\Boot.php(363): CodeIgniter\CodeIgniter->run()
#13 C:\xampp\htdocs\ITE311-JULOM\system\Boot.php(68): CodeIgniter\Boot::runCodeIgniter(Object(CodeIgniter\CodeIgniter))
#14 C:\xampp\htdocs\ITE311-JULOM\index.php(59): CodeIgniter\Boot::bootWeb(Object(Config\Paths))
#15 {main}
ERROR - 2025-12-10 21:22:49 --> Failed to log login event: Table 'lms_julom.login_logs' doesn't exist
