ERROR - 2025-12-13 07:05:47 --> mysqli_sql_exception: Table 'lms_julom.login_logs' doesn't exist in C:\xampp\htdocs\ITE311-JULOM\system\Database\MySQLi\Connection.php:327
Stack trace:
#0 C:\xampp\htdocs\ITE311-JULOM\system\Database\MySQLi\Connection.php(327): mysqli->query('INSERT INTO `lo...', 0)
#1 C:\xampp\htdocs\ITE311-JULOM\system\Database\BaseConnection.php(729): CodeIgniter\Database\MySQLi\Connection->execute('INSERT INTO `lo...')
#2 C:\xampp\htdocs\ITE311-JULOM\system\Database\BaseConnection.php(646): CodeIgniter\Database\BaseConnection->simpleQuery('INSERT INTO `lo...')
#3 C:\xampp\htdocs\ITE311-JULOM\system\Database\BaseBuilder.php(2345): CodeIgniter\Database\BaseConnection->query('INSERT INTO `lo...', Array, false)
#4 C:\xampp\htdocs\ITE311-JULOM\system\Model.php(394): CodeIgniter\Database\BaseBuilder->insert()
#5 C:\xampp\htdocs\ITE311-JULOM\system\BaseModel.php(838): CodeIgniter\Model->doInsert(Array)
#6 C:\xampp\htdocs\ITE311-JULOM\system\Model.php(797): CodeIgniter\BaseModel->insert(Array, true)
#7 C:\xampp\htdocs\ITE311-JULOM\app\Models\LoginLogModel.php(34): CodeIgniter\Model->insert(Array)
#8 C:\xampp\htdocs\ITE311-JULOM\app\Controllers\auth.php(141): App\Models\LoginLogModel->logLogin(1, 'Admin User', 'admin@example.c...', 'admin')
#9 C:\xampp\htdocs\ITE311-JULOM\system\CodeIgniter.php(933): App\Controllers\Auth->login()
#10 C:\xampp\htdocs\ITE311-JULOM\system\CodeIgniter.php(507): CodeIgniter\CodeIgniter->runController(Object(App\Controllers\Auth))
#11 C:\xampp\htdocs\ITE311-JULOM\system\CodeIgniter.php(354): CodeIgniter\CodeIgniter->handleRequest(NULL, Object(Config\Cache), false)
#12 C:\xampp\htdocs\ITE311-JULOM\system\Boot.php(363): CodeIgniter\CodeIgniter->run()
#13 C:\xampp\htdocs\ITE311-JULOM\system\Boot.php(68): CodeIgniter\Boot::runCodeIgniter(Object(CodeIgniter\CodeIgniter))
#14 C:\xampp\htdocs\ITE311-JULOM\index.php(59): CodeIgniter\Boot::bootWeb(Object(Config\Paths))
#15 {main}
ERROR - 2025-12-13 07:05:47 --> Failed to log login event: Table 'lms_julom.login_logs' doesn't exist
ERROR - 2025-12-13 07:05:47 --> mysqli_sql_exception: Unknown column 'is_active' in 'where clause' in C:\xampp\htdocs\ITE311-JULOM\system\Database\MySQLi\Connection.php:327
Stack trace:
#0 C:\xampp\htdocs\ITE311-JULOM\system\Database\MySQLi\Connection.php(327): mysqli->query('SELECT `announc...', 0)
#1 C:\xampp\htdocs\ITE311-JULOM\system\Database\BaseConnection.php(729): CodeIgniter\Database\MySQLi\Connection->execute('SELECT `announc...')
#2 C:\xampp\htdocs\ITE311-JULOM\system\Database\BaseConnection.php(646): CodeIgniter\Database\BaseConnection->simpleQuery('SELECT `announc...')
#3 C:\xampp\htdocs\ITE311-JULOM\system\Database\BaseBuilder.php(1649): CodeIgniter\Database\BaseConnection->query('SELECT `announc...', Array, false)
#4 C:\xampp\htdocs\ITE311-JULOM\system\Model.php(213): CodeIgniter\Database\BaseBuilder->get()
#5 C:\xampp\htdocs\ITE311-JULOM\system\BaseModel.php(611): CodeIgniter\Model->doFind(false, NULL)
#6 C:\xampp\htdocs\ITE311-JULOM\app\Models\AnnouncementModel.php(99): CodeIgniter\BaseModel->find()
#7 C:\xampp\htdocs\ITE311-JULOM\app\Views\templates\header.php(15): App\Models\AnnouncementModel->getActiveAnnouncementsFor('admin', 999)
#8 C:\xampp\htdocs\ITE311-JULOM\system\View\View.php(226): include('C:\\xampp\\htdocs...')
#9 C:\xampp\htdocs\ITE311-JULOM\system\View\View.php(229): CodeIgniter\View\View->CodeIgniter\View\{closure}()
#10 C:\xampp\htdocs\ITE311-JULOM\system\View\View.php(475): CodeIgniter\View\View->render('templates/heade...', NULL, true)
#11 C:\xampp\htdocs\ITE311-JULOM\app\Views\template.php(302): CodeIgniter\View\View->include('templates/heade...')
#12 C:\xampp\htdocs\ITE311-JULOM\system\View\View.php(226): include('C:\\xampp\\htdocs...')
#13 C:\xampp\htdocs\ITE311-JULOM\system\View\View.php(229): CodeIgniter\View\View->CodeIgniter\View\{closure}()
#14 C:\xampp\htdocs\ITE311-JULOM\system\View\View.php(242): CodeIgniter\View\View->render('template', Array, true)
#15 C:\xampp\htdocs\ITE311-JULOM\system\Common.php(1167): CodeIgniter\View\View->render('auth/dashboard', Array, true)
#16 C:\xampp\htdocs\ITE311-JULOM\app\Controllers\auth.php(335): view('auth/dashboard', Array)
#17 C:\xampp\htdocs\ITE311-JULOM\system\CodeIgniter.php(933): App\Controllers\Auth->dashboard()
#18 C:\xampp\htdocs\ITE311-JULOM\system\CodeIgniter.php(507): CodeIgniter\CodeIgniter->runController(Object(App\Controllers\Auth))
#19 C:\xampp\htdocs\ITE311-JULOM\system\CodeIgniter.php(354): CodeIgniter\CodeIgniter->handleRequest(NULL, Object(Config\Cache), false)
#20 C:\xampp\htdocs\ITE311-JULOM\system\Boot.php(363): CodeIgniter\CodeIgniter->run()
#21 C:\xampp\htdocs\ITE311-JULOM\system\Boot.php(68): CodeIgniter\Boot::runCodeIgniter(Object(CodeIgniter\CodeIgniter))
#22 C:\xampp\htdocs\ITE311-JULOM\index.php(59): CodeIgniter\Boot::bootWeb(Object(Config\Paths))
#23 {main}
ERROR - 2025-12-13 07:05:47 --> Error loading announcements: Unknown column 'is_active' in 'where clause'
ERROR - 2025-12-13 07:06:00 --> mysqli_sql_exception: Unknown column 'is_active' in 'where clause' in C:\xampp\htdocs\ITE311-JULOM\system\Database\MySQLi\Connection.php:327
Stack trace:
#0 C:\xampp\htdocs\ITE311-JULOM\system\Database\MySQLi\Connection.php(327): mysqli->query('SELECT `announc...', 0)
#1 C:\xampp\htdocs\ITE311-JULOM\system\Database\BaseConnection.php(729): CodeIgniter\Database\MySQLi\Connection->execute('SELECT `announc...')
#2 C:\xampp\htdocs\ITE311-JULOM\system\Database\BaseConnection.php(646): CodeIgniter\Database\BaseConnection->simpleQuery('SELECT `announc...')
#3 C:\xampp\htdocs\ITE311-JULOM\system\Database\BaseBuilder.php(1649): CodeIgniter\Database\BaseConnection->query('SELECT `announc...', Array, false)
#4 C:\xampp\htdocs\ITE311-JULOM\system\Model.php(213): CodeIgniter\Database\BaseBuilder->get()
#5 C:\xampp\htdocs\ITE311-JULOM\system\BaseModel.php(611): CodeIgniter\Model->doFind(false, NULL)
#6 C:\xampp\htdocs\ITE311-JULOM\app\Models\AnnouncementModel.php(99): CodeIgniter\BaseModel->find()
#7 C:\xampp\htdocs\ITE311-JULOM\app\Views\templates\header.php(15): App\Models\AnnouncementModel->getActiveAnnouncementsFor('admin', 999)
#8 C:\xampp\htdocs\ITE311-JULOM\system\View\View.php(226): include('C:\\xampp\\htdocs...')
#9 C:\xampp\htdocs\ITE311-JULOM\system\View\View.php(229): CodeIgniter\View\View->CodeIgniter\View\{closure}()
#10 C:\xampp\htdocs\ITE311-JULOM\system\View\View.php(475): CodeIgniter\View\View->render('templates/heade...', NULL, true)
#11 C:\xampp\htdocs\ITE311-JULOM\app\Views\template.php(302): CodeIgniter\View\View->include('templates/heade...')
#12 C:\xampp\htdocs\ITE311-JULOM\system\View\View.php(226): include('C:\\xampp\\htdocs...')
#13 C:\xampp\htdocs\ITE311-JULOM\system\View\View.php(229): CodeIgniter\View\View->CodeIgniter\View\{closure}()
#14 C:\xampp\htdocs\ITE311-JULOM\system\View\View.php(242): CodeIgniter\View\View->render('template', Array, true)
#15 C:\xampp\htdocs\ITE311-JULOM\system\Common.php(1167): CodeIgniter\View\View->render('auth/dashboard', Array, true)
#16 C:\xampp\htdocs\ITE311-JULOM\app\Controllers\auth.php(335): view('auth/dashboard', Array)
#17 C:\xampp\htdocs\ITE311-JULOM\system\CodeIgniter.php(933): App\Controllers\Auth->dashboard()
#18 C:\xampp\htdocs\ITE311-JULOM\system\CodeIgniter.php(507): CodeIgniter\CodeIgniter->runController(Object(App\Controllers\Auth))
#19 C:\xampp\htdocs\ITE311-JULOM\system\CodeIgniter.php(354): CodeIgniter\CodeIgniter->handleRequest(NULL, Object(Config\Cache), false)
#20 C:\xampp\htdocs\ITE311-JULOM\system\Boot.php(363): CodeIgniter\CodeIgniter->run()
#21 C:\xampp\htdocs\ITE311-JULOM\system\Boot.php(68): CodeIgniter\Boot::runCodeIgniter(Object(CodeIgniter\CodeIgniter))
#22 C:\xampp\htdocs\ITE311-JULOM\index.php(59): CodeIgniter\Boot::bootWeb(Object(Config\Paths))
#23 {main}
ERROR - 2025-12-13 07:06:00 --> Error loading announcements: Unknown column 'is_active' in 'where clause'
ERROR - 2025-12-13 14:35:37 --> mysqli_sql_exception: Unknown column 'is_active' in 'where clause' in C:\xampp\htdocs\ITE311-JULOM\system\Database\MySQLi\Connection.php:327
Stack trace:
#0 C:\xampp\htdocs\ITE311-JULOM\system\Database\MySQLi\Connection.php(327): mysqli->query('SELECT `announc...', 0)
#1 C:\xampp\htdocs\ITE311-JULOM\system\Database\BaseConnection.php(729): CodeIgniter\Database\MySQLi\Connection->execute('SELECT `announc...')
#2 C:\xampp\htdocs\ITE311-JULOM\system\Database\BaseConnection.php(646): CodeIgniter\Database\BaseConnection->simpleQuery('SELECT `announc...')
#3 C:\xampp\htdocs\ITE311-JULOM\system\Database\BaseBuilder.php(1649): CodeIgniter\Database\BaseConnection->query('SELECT `announc...', Array, false)
#4 C:\xampp\htdocs\ITE311-JULOM\system\Model.php(213): CodeIgniter\Database\BaseBuilder->get()
#5 C:\xampp\htdocs\ITE311-JULOM\system\BaseModel.php(611): CodeIgniter\Model->doFind(false, NULL)
#6 C:\xampp\htdocs\ITE311-JULOM\app\Models\AnnouncementModel.php(99): CodeIgniter\BaseModel->find()
#7 C:\xampp\htdocs\ITE311-JULOM\app\Views\templates\header.php(15): App\Models\AnnouncementModel->getActiveAnnouncementsFor('admin', 999)
#8 C:\xampp\htdocs\ITE311-JULOM\system\View\View.php(226): include('C:\\xampp\\htdocs...')
#9 C:\xampp\htdocs\ITE311-JULOM\system\View\View.php(229): CodeIgniter\View\View->CodeIgniter\View\{closure}()
#10 C:\xampp\htdocs\ITE311-JULOM\system\View\View.php(475): CodeIgniter\View\View->render('templates/heade...', NULL, true)
#11 C:\xampp\htdocs\ITE311-JULOM\app\Views\template.php(302): CodeIgniter\View\View->include('templates/heade...')
#12 C:\xampp\htdocs\ITE311-JULOM\system\View\View.php(226): include('C:\\xampp\\htdocs...')
#13 C:\xampp\htdocs\ITE311-JULOM\system\View\View.php(229): CodeIgniter\View\View->CodeIgniter\View\{closure}()
#14 C:\xampp\htdocs\ITE311-JULOM\system\View\View.php(242): CodeIgniter\View\View->render('template', Array, true)
#15 C:\xampp\htdocs\ITE311-JULOM\system\Common.php(1167): CodeIgniter\View\View->render('courses/index', Array, true)
#16 C:\xampp\htdocs\ITE311-JULOM\app\Controllers\Course.php(304): view('courses/index', Array)
#17 C:\xampp\htdocs\ITE311-JULOM\system\CodeIgniter.php(933): App\Controllers\Course->index()
#18 C:\xampp\htdocs\ITE311-JULOM\system\CodeIgniter.php(507): CodeIgniter\CodeIgniter->runController(Object(App\Controllers\Course))
#19 C:\xampp\htdocs\ITE311-JULOM\system\CodeIgniter.php(354): CodeIgniter\CodeIgniter->handleRequest(NULL, Object(Config\Cache), false)
#20 C:\xampp\htdocs\ITE311-JULOM\system\Boot.php(363): CodeIgniter\CodeIgniter->run()
#21 C:\xampp\htdocs\ITE311-JULOM\system\Boot.php(68): CodeIgniter\Boot::runCodeIgniter(Object(CodeIgniter\CodeIgniter))
#22 C:\xampp\htdocs\ITE311-JULOM\index.php(59): CodeIgniter\Boot::bootWeb(Object(Config\Paths))
#23 {main}
ERROR - 2025-12-13 14:35:38 --> Error loading announcements: Unknown column 'is_active' in 'where clause'
ERROR - 2025-12-13 14:35:40 --> mysqli_sql_exception: Unknown column 'is_active' in 'where clause' in C:\xampp\htdocs\ITE311-JULOM\system\Database\MySQLi\Connection.php:327
Stack trace:
#0 C:\xampp\htdocs\ITE311-JULOM\system\Database\MySQLi\Connection.php(327): mysqli->query('SELECT `announc...', 0)
#1 C:\xampp\htdocs\ITE311-JULOM\system\Database\BaseConnection.php(729): CodeIgniter\Database\MySQLi\Connection->execute('SELECT `announc...')
#2 C:\xampp\htdocs\ITE311-JULOM\system\Database\BaseConnection.php(646): CodeIgniter\Database\BaseConnection->simpleQuery('SELECT `announc...')
#3 C:\xampp\htdocs\ITE311-JULOM\system\Database\BaseBuilder.php(1649): CodeIgniter\Database\BaseConnection->query('SELECT `announc...', Array, false)
#4 C:\xampp\htdocs\ITE311-JULOM\system\Model.php(213): CodeIgniter\Database\BaseBuilder->get()
#5 C:\xampp\htdocs\ITE311-JULOM\system\BaseModel.php(611): CodeIgniter\Model->doFind(false, NULL)
#6 C:\xampp\htdocs\ITE311-JULOM\app\Models\AnnouncementModel.php(99): CodeIgniter\BaseModel->find()
#7 C:\xampp\htdocs\ITE311-JULOM\app\Views\templates\header.php(15): App\Models\AnnouncementModel->getActiveAnnouncementsFor('admin', 999)
#8 C:\xampp\htdocs\ITE311-JULOM\system\View\View.php(226): include('C:\\xampp\\htdocs...')
#9 C:\xampp\htdocs\ITE311-JULOM\system\View\View.php(229): CodeIgniter\View\View->CodeIgniter\View\{closure}()
#10 C:\xampp\htdocs\ITE311-JULOM\system\View\View.php(475): CodeIgniter\View\View->render('templates/heade...', NULL, true)
#11 C:\xampp\htdocs\ITE311-JULOM\app\Views\template.php(302): CodeIgniter\View\View->include('templates/heade...')
#12 C:\xampp\htdocs\ITE311-JULOM\system\View\View.php(226): include('C:\\xampp\\htdocs...')
#13 C:\xampp\htdocs\ITE311-JULOM\system\View\View.php(229): CodeIgniter\View\View->CodeIgniter\View\{closure}()
#14 C:\xampp\htdocs\ITE311-JULOM\system\View\View.php(242): CodeIgniter\View\View->render('template', Array, true)
#15 C:\xampp\htdocs\ITE311-JULOM\system\Common.php(1167): CodeIgniter\View\View->render('auth/dashboard', Array, true)
#16 C:\xampp\htdocs\ITE311-JULOM\app\Controllers\auth.php(335): view('auth/dashboard', Array)
#17 C:\xampp\htdocs\ITE311-JULOM\system\CodeIgniter.php(933): App\Controllers\Auth->dashboard()
#18 C:\xampp\htdocs\ITE311-JULOM\system\CodeIgniter.php(507): CodeIgniter\CodeIgniter->runController(Object(App\Controllers\Auth))
#19 C:\xampp\htdocs\ITE311-JULOM\system\CodeIgniter.php(354): CodeIgniter\CodeIgniter->handleRequest(NULL, Object(Config\Cache), false)
#20 C:\xampp\htdocs\ITE311-JULOM\system\Boot.php(363): CodeIgniter\CodeIgniter->run()
#21 C:\xampp\htdocs\ITE311-JULOM\system\Boot.php(68): CodeIgniter\Boot::runCodeIgniter(Object(CodeIgniter\CodeIgniter))
#22 C:\xampp\htdocs\ITE311-JULOM\index.php(59): CodeIgniter\Boot::bootWeb(Object(Config\Paths))
#23 {main}
ERROR - 2025-12-13 14:35:40 --> Error loading announcements: Unknown column 'is_active' in 'where clause'
ERROR - 2025-12-13 14:35:40 --> mysqli_sql_exception: Unknown column 'is_active' in 'where clause' in C:\xampp\htdocs\ITE311-JULOM\system\Database\MySQLi\Connection.php:327
Stack trace:
#0 C:\xampp\htdocs\ITE311-JULOM\system\Database\MySQLi\Connection.php(327): mysqli->query('SELECT `announc...', 0)
#1 C:\xampp\htdocs\ITE311-JULOM\system\Database\BaseConnection.php(729): CodeIgniter\Database\MySQLi\Connection->execute('SELECT `announc...')
#2 C:\xampp\htdocs\ITE311-JULOM\system\Database\BaseConnection.php(646): CodeIgniter\Database\BaseConnection->simpleQuery('SELECT `announc...')
#3 C:\xampp\htdocs\ITE311-JULOM\system\Database\BaseBuilder.php(1649): CodeIgniter\Database\BaseConnection->query('SELECT `announc...', Array, false)
#4 C:\xampp\htdocs\ITE311-JULOM\system\Model.php(213): CodeIgniter\Database\BaseBuilder->get()
#5 C:\xampp\htdocs\ITE311-JULOM\system\BaseModel.php(611): CodeIgniter\Model->doFind(false, NULL)
#6 C:\xampp\htdocs\ITE311-JULOM\app\Models\AnnouncementModel.php(99): CodeIgniter\BaseModel->find()
#7 C:\xampp\htdocs\ITE311-JULOM\app\Views\templates\header.php(15): App\Models\AnnouncementModel->getActiveAnnouncementsFor('admin', 999)
#8 C:\xampp\htdocs\ITE311-JULOM\system\View\View.php(226): include('C:\\xampp\\htdocs...')
#9 C:\xampp\htdocs\ITE311-JULOM\system\View\View.php(229): CodeIgniter\View\View->CodeIgniter\View\{closure}()
#10 C:\xampp\htdocs\ITE311-JULOM\system\View\View.php(475): CodeIgniter\View\View->render('templates/heade...', NULL, true)
#11 C:\xampp\htdocs\ITE311-JULOM\app\Views\template.php(302): CodeIgniter\View\View->include('templates/heade...')
#12 C:\xampp\htdocs\ITE311-JULOM\system\View\View.php(226): include('C:\\xampp\\htdocs...')
#13 C:\xampp\htdocs\ITE311-JULOM\system\View\View.php(229): CodeIgniter\View\View->CodeIgniter\View\{closure}()
#14 C:\xampp\htdocs\ITE311-JULOM\system\View\View.php(242): CodeIgniter\View\View->render('template', Array, true)
#15 C:\xampp\htdocs\ITE311-JULOM\system\Common.php(1167): CodeIgniter\View\View->render('courses/index', Array, true)
#16 C:\xampp\htdocs\ITE311-JULOM\app\Controllers\Course.php(304): view('courses/index', Array)
#17 C:\xampp\htdocs\ITE311-JULOM\system\CodeIgniter.php(933): App\Controllers\Course->index()
#18 C:\xampp\htdocs\ITE311-JULOM\system\CodeIgniter.php(507): CodeIgniter\CodeIgniter->runController(Object(App\Controllers\Course))
#19 C:\xampp\htdocs\ITE311-JULOM\system\CodeIgniter.php(354): CodeIgniter\CodeIgniter->handleRequest(NULL, Object(Config\Cache), false)
#20 C:\xampp\htdocs\ITE311-JULOM\system\Boot.php(363): CodeIgniter\CodeIgniter->run()
#21 C:\xampp\htdocs\ITE311-JULOM\system\Boot.php(68): CodeIgniter\Boot::runCodeIgniter(Object(CodeIgniter\CodeIgniter))
#22 C:\xampp\htdocs\ITE311-JULOM\index.php(59): CodeIgniter\Boot::bootWeb(Object(Config\Paths))
#23 {main}
ERROR - 2025-12-13 14:35:40 --> Error loading announcements: Unknown column 'is_active' in 'where clause'
ERROR - 2025-12-13 14:35:42 --> mysqli_sql_exception: Unknown column 'is_active' in 'where clause' in C:\xampp\htdocs\ITE311-JULOM\system\Database\MySQLi\Connection.php:327
Stack trace:
#0 C:\xampp\htdocs\ITE311-JULOM\system\Database\MySQLi\Connection.php(327): mysqli->query('SELECT `announc...', 0)
#1 C:\xampp\htdocs\ITE311-JULOM\system\Database\BaseConnection.php(729): CodeIgniter\Database\MySQLi\Connection->execute('SELECT `announc...')
#2 C:\xampp\htdocs\ITE311-JULOM\system\Database\BaseConnection.php(646): CodeIgniter\Database\BaseConnection->simpleQuery('SELECT `announc...')
#3 C:\xampp\htdocs\ITE311-JULOM\system\Database\BaseBuilder.php(1649): CodeIgniter\Database\BaseConnection->query('SELECT `announc...', Array, false)
#4 C:\xampp\htdocs\ITE311-JULOM\system\Model.php(213): CodeIgniter\Database\BaseBuilder->get()
#5 C:\xampp\htdocs\ITE311-JULOM\system\BaseModel.php(611): CodeIgniter\Model->doFind(false, NULL)
#6 C:\xampp\htdocs\ITE311-JULOM\app\Models\AnnouncementModel.php(99): CodeIgniter\BaseModel->find()
#7 C:\xampp\htdocs\ITE311-JULOM\app\Views\templates\header.php(15): App\Models\AnnouncementModel->getActiveAnnouncementsFor('admin', 999)
#8 C:\xampp\htdocs\ITE311-JULOM\system\View\View.php(226): include('C:\\xampp\\htdocs...')
#9 C:\xampp\htdocs\ITE311-JULOM\system\View\View.php(229): CodeIgniter\View\View->CodeIgniter\View\{closure}()
#10 C:\xampp\htdocs\ITE311-JULOM\system\View\View.php(475): CodeIgniter\View\View->render('templates/heade...', NULL, true)
#11 C:\xampp\htdocs\ITE311-JULOM\app\Views\template.php(302): CodeIgniter\View\View->include('templates/heade...')
#12 C:\xampp\htdocs\ITE311-JULOM\system\View\View.php(226): include('C:\\xampp\\htdocs...')
#13 C:\xampp\htdocs\ITE311-JULOM\system\View\View.php(229): CodeIgniter\View\View->CodeIgniter\View\{closure}()
#14 C:\xampp\htdocs\ITE311-JULOM\system\View\View.php(242): CodeIgniter\View\View->render('template', Array, true)
#15 C:\xampp\htdocs\ITE311-JULOM\system\Common.php(1167): CodeIgniter\View\View->render('announcements/m...', Array, true)
#16 C:\xampp\htdocs\ITE311-JULOM\app\Controllers\Announcement.php(46): view('announcements/m...', Array)
#17 C:\xampp\htdocs\ITE311-JULOM\system\CodeIgniter.php(933): App\Controllers\Announcement->manage()
#18 C:\xampp\htdocs\ITE311-JULOM\system\CodeIgniter.php(507): CodeIgniter\CodeIgniter->runController(Object(App\Controllers\Announcement))
#19 C:\xampp\htdocs\ITE311-JULOM\system\CodeIgniter.php(354): CodeIgniter\CodeIgniter->handleRequest(NULL, Object(Config\Cache), false)
#20 C:\xampp\htdocs\ITE311-JULOM\system\Boot.php(363): CodeIgniter\CodeIgniter->run()
#21 C:\xampp\htdocs\ITE311-JULOM\system\Boot.php(68): CodeIgniter\Boot::runCodeIgniter(Object(CodeIgniter\CodeIgniter))
#22 C:\xampp\htdocs\ITE311-JULOM\index.php(59): CodeIgniter\Boot::bootWeb(Object(Config\Paths))
#23 {main}
ERROR - 2025-12-13 14:35:42 --> Error loading announcements: Unknown column 'is_active' in 'where clause'
ERROR - 2025-12-13 14:35:43 --> mysqli_sql_exception: Unknown column 'is_active' in 'where clause' in C:\xampp\htdocs\ITE311-JULOM\system\Database\MySQLi\Connection.php:327
Stack trace:
#0 C:\xampp\htdocs\ITE311-JULOM\system\Database\MySQLi\Connection.php(327): mysqli->query('SELECT `announc...', 0)
#1 C:\xampp\htdocs\ITE311-JULOM\system\Database\BaseConnection.php(729): CodeIgniter\Database\MySQLi\Connection->execute('SELECT `announc...')
#2 C:\xampp\htdocs\ITE311-JULOM\system\Database\BaseConnection.php(646): CodeIgniter\Database\BaseConnection->simpleQuery('SELECT `announc...')
#3 C:\xampp\htdocs\ITE311-JULOM\system\Database\BaseBuilder.php(1649): CodeIgniter\Database\BaseConnection->query('SELECT `announc...', Array, false)
#4 C:\xampp\htdocs\ITE311-JULOM\system\Model.php(213): CodeIgniter\Database\BaseBuilder->get()
#5 C:\xampp\htdocs\ITE311-JULOM\system\BaseModel.php(611): CodeIgniter\Model->doFind(false, NULL)
#6 C:\xampp\htdocs\ITE311-JULOM\app\Models\AnnouncementModel.php(99): CodeIgniter\BaseModel->find()
#7 C:\xampp\htdocs\ITE311-JULOM\app\Views\templates\header.php(15): App\Models\AnnouncementModel->getActiveAnnouncementsFor('admin', 999)
#8 C:\xampp\htdocs\ITE311-JULOM\system\View\View.php(226): include('C:\\xampp\\htdocs...')
#9 C:\xampp\htdocs\ITE311-JULOM\system\View\View.php(229): CodeIgniter\View\View->CodeIgniter\View\{closure}()
#10 C:\xampp\htdocs\ITE311-JULOM\system\View\View.php(475): CodeIgniter\View\View->render('templates/heade...', NULL, true)
#11 C:\xampp\htdocs\ITE311-JULOM\app\Views\template.php(302): CodeIgniter\View\View->include('templates/heade...')
#12 C:\xampp\htdocs\ITE311-JULOM\system\View\View.php(226): include('C:\\xampp\\htdocs...')
#13 C:\xampp\htdocs\ITE311-JULOM\system\View\View.php(229): CodeIgniter\View\View->CodeIgniter\View\{closure}()
#14 C:\xampp\htdocs\ITE311-JULOM\system\View\View.php(242): CodeIgniter\View\View->render('template', Array, true)
#15 C:\xampp\htdocs\ITE311-JULOM\system\Common.php(1167): CodeIgniter\View\View->render('announcements/c...', Array, true)
#16 C:\xampp\htdocs\ITE311-JULOM\app\Controllers\Announcement.php(60): view('announcements/c...')
#17 C:\xampp\htdocs\ITE311-JULOM\system\CodeIgniter.php(933): App\Controllers\Announcement->create()
#18 C:\xampp\htdocs\ITE311-JULOM\system\CodeIgniter.php(507): CodeIgniter\CodeIgniter->runController(Object(App\Controllers\Announcement))
#19 C:\xampp\htdocs\ITE311-JULOM\system\CodeIgniter.php(354): CodeIgniter\CodeIgniter->handleRequest(NULL, Object(Config\Cache), false)
#20 C:\xampp\htdocs\ITE311-JULOM\system\Boot.php(363): CodeIgniter\CodeIgniter->run()
#21 C:\xampp\htdocs\ITE311-JULOM\system\Boot.php(68): CodeIgniter\Boot::runCodeIgniter(Object(CodeIgniter\CodeIgniter))
#22 C:\xampp\htdocs\ITE311-JULOM\index.php(59): CodeIgniter\Boot::bootWeb(Object(Config\Paths))
#23 {main}
ERROR - 2025-12-13 14:35:43 --> Error loading announcements: Unknown column 'is_active' in 'where clause'
ERROR - 2025-12-13 14:35:43 --> mysqli_sql_exception: Unknown column 'is_active' in 'where clause' in C:\xampp\htdocs\ITE311-JULOM\system\Database\MySQLi\Connection.php:327
Stack trace:
#0 C:\xampp\htdocs\ITE311-JULOM\system\Database\MySQLi\Connection.php(327): mysqli->query('SELECT `announc...', 0)
#1 C:\xampp\htdocs\ITE311-JULOM\system\Database\BaseConnection.php(729): CodeIgniter\Database\MySQLi\Connection->execute('SELECT `announc...')
#2 C:\xampp\htdocs\ITE311-JULOM\system\Database\BaseConnection.php(646): CodeIgniter\Database\BaseConnection->simpleQuery('SELECT `announc...')
#3 C:\xampp\htdocs\ITE311-JULOM\system\Database\BaseBuilder.php(1649): CodeIgniter\Database\BaseConnection->query('SELECT `announc...', Array, false)
#4 C:\xampp\htdocs\ITE311-JULOM\system\Model.php(213): CodeIgniter\Database\BaseBuilder->get()
#5 C:\xampp\htdocs\ITE311-JULOM\system\BaseModel.php(611): CodeIgniter\Model->doFind(false, NULL)
#6 C:\xampp\htdocs\ITE311-JULOM\app\Models\AnnouncementModel.php(99): CodeIgniter\BaseModel->find()
#7 C:\xampp\htdocs\ITE311-JULOM\app\Views\templates\header.php(15): App\Models\AnnouncementModel->getActiveAnnouncementsFor('admin', 999)
#8 C:\xampp\htdocs\ITE311-JULOM\system\View\View.php(226): include('C:\\xampp\\htdocs...')
#9 C:\xampp\htdocs\ITE311-JULOM\system\View\View.php(229): CodeIgniter\View\View->CodeIgniter\View\{closure}()
#10 C:\xampp\htdocs\ITE311-JULOM\system\View\View.php(475): CodeIgniter\View\View->render('templates/heade...', NULL, true)
#11 C:\xampp\htdocs\ITE311-JULOM\app\Views\template.php(302): CodeIgniter\View\View->include('templates/heade...')
#12 C:\xampp\htdocs\ITE311-JULOM\system\View\View.php(226): include('C:\\xampp\\htdocs...')
#13 C:\xampp\htdocs\ITE311-JULOM\system\View\View.php(229): CodeIgniter\View\View->CodeIgniter\View\{closure}()
#14 C:\xampp\htdocs\ITE311-JULOM\system\View\View.php(242): CodeIgniter\View\View->render('template', Array, true)
#15 C:\xampp\htdocs\ITE311-JULOM\system\Common.php(1167): CodeIgniter\View\View->render('admin_users', Array, true)
#16 C:\xampp\htdocs\ITE311-JULOM\app\Controllers\Admin.php(76): view('admin_users', Array)
#17 C:\xampp\htdocs\ITE311-JULOM\system\CodeIgniter.php(933): App\Controllers\Admin->users()
#18 C:\xampp\htdocs\ITE311-JULOM\system\CodeIgniter.php(507): CodeIgniter\CodeIgniter->runController(Object(App\Controllers\Admin))
#19 C:\xampp\htdocs\ITE311-JULOM\system\CodeIgniter.php(354): CodeIgniter\CodeIgniter->handleRequest(NULL, Object(Config\Cache), false)
#20 C:\xampp\htdocs\ITE311-JULOM\system\Boot.php(363): CodeIgniter\CodeIgniter->run()
#21 C:\xampp\htdocs\ITE311-JULOM\system\Boot.php(68): CodeIgniter\Boot::runCodeIgniter(Object(CodeIgniter\CodeIgniter))
#22 C:\xampp\htdocs\ITE311-JULOM\index.php(59): CodeIgniter\Boot::bootWeb(Object(Config\Paths))
#23 {main}
ERROR - 2025-12-13 14:35:43 --> Error loading announcements: Unknown column 'is_active' in 'where clause'
